<?xml version="1.0" encoding="UTF-8"?>
<testsuite name="com.polarbookshop.orderservice.order.domain.OrderRepositoryR2dbcTests" tests="1" skipped="0" failures="0" errors="0" timestamp="2021-04-30T04:35:34" hostname="DESKTOP-F6VKB7S" time="0.553">
  <properties/>
  <testcase name="createRejectedOrder()" classname="com.polarbookshop.orderservice.order.domain.OrderRepositoryR2dbcTests" time="0.553"/>
  <system-out><![CDATA[00:35:29.346 [Test worker] DEBUG org.springframework.test.context.BootstrapUtils - Instantiating CacheAwareContextLoaderDelegate from class [org.springframework.test.context.cache.DefaultCacheAwareContextLoaderDelegate]
00:35:29.350 [Test worker] DEBUG org.springframework.test.context.BootstrapUtils - Instantiating BootstrapContext using constructor [public org.springframework.test.context.support.DefaultBootstrapContext(java.lang.Class,org.springframework.test.context.CacheAwareContextLoaderDelegate)]
00:35:29.392 [Test worker] DEBUG org.springframework.test.context.BootstrapUtils - Instantiating TestContextBootstrapper for test class [com.polarbookshop.orderservice.order.domain.OrderRepositoryR2dbcTests] from class [org.springframework.boot.test.autoconfigure.data.r2dbc.DataR2dbcTestContextBootstrapper]
00:35:29.409 [Test worker] INFO org.springframework.boot.test.autoconfigure.data.r2dbc.DataR2dbcTestContextBootstrapper - Neither @ContextConfiguration nor @ContextHierarchy found for test class [com.polarbookshop.orderservice.order.domain.OrderRepositoryR2dbcTests], using SpringBootContextLoader
00:35:29.410 [Test worker] DEBUG org.springframework.test.context.support.AbstractContextLoader - Did not detect default resource location for test class [com.polarbookshop.orderservice.order.domain.OrderRepositoryR2dbcTests]: class path resource [com/polarbookshop/orderservice/order/domain/OrderRepositoryR2dbcTests-context.xml] does not exist
00:35:29.411 [Test worker] DEBUG org.springframework.test.context.support.AbstractContextLoader - Did not detect default resource location for test class [com.polarbookshop.orderservice.order.domain.OrderRepositoryR2dbcTests]: class path resource [com/polarbookshop/orderservice/order/domain/OrderRepositoryR2dbcTestsContext.groovy] does not exist
00:35:29.411 [Test worker] INFO org.springframework.test.context.support.AbstractContextLoader - Could not detect default resource locations for test class [com.polarbookshop.orderservice.order.domain.OrderRepositoryR2dbcTests]: no resource found for suffixes {-context.xml, Context.groovy}.
00:35:29.412 [Test worker] INFO org.springframework.test.context.support.AnnotationConfigContextLoaderUtils - Could not detect default configuration classes for test class [com.polarbookshop.orderservice.order.domain.OrderRepositoryR2dbcTests]: OrderRepositoryR2dbcTests does not declare any static, non-private, non-final, nested classes annotated with @Configuration.
00:35:29.470 [Test worker] DEBUG org.springframework.test.context.support.ActiveProfilesUtils - Could not find an 'annotation declaring class' for annotation type [org.springframework.test.context.ActiveProfiles] and class [com.polarbookshop.orderservice.order.domain.OrderRepositoryR2dbcTests]
00:35:29.540 [Test worker] DEBUG org.springframework.context.annotation.ClassPathScanningCandidateComponentProvider - Identified candidate component class: file [C:\Users\Chung2\java\CloudNativeSpringInAction\order-service\build\classes\java\main\com\polarbookshop\orderservice\OrderServiceApplication.class]
00:35:29.541 [Test worker] INFO org.springframework.boot.test.context.SpringBootTestContextBootstrapper - Found @SpringBootConfiguration com.polarbookshop.orderservice.OrderServiceApplication for test class com.polarbookshop.orderservice.order.domain.OrderRepositoryR2dbcTests
00:35:29.544 [Test worker] DEBUG org.springframework.boot.test.autoconfigure.data.r2dbc.DataR2dbcTestContextBootstrapper - @TestExecutionListeners is not present for class [com.polarbookshop.orderservice.order.domain.OrderRepositoryR2dbcTests]: using defaults.
00:35:29.545 [Test worker] INFO org.springframework.boot.test.autoconfigure.data.r2dbc.DataR2dbcTestContextBootstrapper - Loaded default TestExecutionListener class names from location [META-INF/spring.factories]: [org.springframework.boot.test.autoconfigure.restdocs.RestDocsTestExecutionListener, org.springframework.boot.test.autoconfigure.web.client.MockRestServiceServerResetTestExecutionListener, org.springframework.boot.test.autoconfigure.web.servlet.MockMvcPrintOnlyOnFailureTestExecutionListener, org.springframework.boot.test.autoconfigure.web.servlet.WebDriverTestExecutionListener, org.springframework.boot.test.autoconfigure.webservices.client.MockWebServiceServerTestExecutionListener, org.springframework.boot.test.mock.mockito.MockitoTestExecutionListener, org.springframework.boot.test.mock.mockito.ResetMocksTestExecutionListener, org.springframework.test.context.web.ServletTestExecutionListener, org.springframework.test.context.support.DirtiesContextBeforeModesTestExecutionListener, org.springframework.test.context.event.ApplicationEventsTestExecutionListener, org.springframework.test.context.support.DependencyInjectionTestExecutionListener, org.springframework.test.context.support.DirtiesContextTestExecutionListener, org.springframework.test.context.transaction.TransactionalTestExecutionListener, org.springframework.test.context.jdbc.SqlScriptsTestExecutionListener, org.springframework.test.context.event.EventPublishingTestExecutionListener]
00:35:29.558 [Test worker] DEBUG org.springframework.boot.test.autoconfigure.data.r2dbc.DataR2dbcTestContextBootstrapper - Skipping candidate TestExecutionListener [org.springframework.test.context.web.ServletTestExecutionListener] due to a missing dependency. Specify custom listener classes or make the default listener classes and their required dependencies available. Offending class: [javax/servlet/ServletContext]
00:35:29.571 [Test worker] INFO org.springframework.boot.test.autoconfigure.data.r2dbc.DataR2dbcTestContextBootstrapper - Using TestExecutionListeners: [org.springframework.test.context.support.DirtiesContextBeforeModesTestExecutionListener@18f15f60, org.springframework.test.context.event.ApplicationEventsTestExecutionListener@63adc730, org.springframework.boot.test.mock.mockito.MockitoTestExecutionListener@15882af0, org.springframework.boot.test.autoconfigure.SpringBootDependencyInjectionTestExecutionListener@56890905, org.springframework.test.context.support.DirtiesContextTestExecutionListener@441146eb, org.springframework.test.context.transaction.TransactionalTestExecutionListener@49089d1e, org.springframework.test.context.jdbc.SqlScriptsTestExecutionListener@1d03f165, org.springframework.test.context.event.EventPublishingTestExecutionListener@35c12e1, org.springframework.boot.test.autoconfigure.restdocs.RestDocsTestExecutionListener@4db43a7f, org.springframework.boot.test.autoconfigure.web.client.MockRestServiceServerResetTestExecutionListener@40d9beba, org.springframework.boot.test.autoconfigure.web.servlet.MockMvcPrintOnlyOnFailureTestExecutionListener@4253f71d, org.springframework.boot.test.autoconfigure.web.servlet.WebDriverTestExecutionListener@21fb3eac, org.springframework.boot.test.autoconfigure.webservices.client.MockWebServiceServerTestExecutionListener@4d708f2e, org.springframework.boot.test.mock.mockito.ResetMocksTestExecutionListener@4051c454]
00:35:29.576 [Test worker] DEBUG org.springframework.test.context.support.AbstractDirtiesContextTestExecutionListener - Before test class: context [DefaultTestContext@32bd6983 testClass = OrderRepositoryR2dbcTests, testInstance = [null], testMethod = [null], testException = [null], mergedContextConfiguration = [MergedContextConfiguration@38686295 testClass = OrderRepositoryR2dbcTests, locations = '{}', classes = '{class com.polarbookshop.orderservice.OrderServiceApplication}', contextInitializerClasses = '[]', activeProfiles = '{}', propertySourceLocations = '{}', propertySourceProperties = '{org.springframework.boot.test.autoconfigure.data.r2dbc.DataR2dbcTestContextBootstrapper=true}', contextCustomizers = set[org.springframework.boot.test.autoconfigure.OverrideAutoConfigurationContextCustomizerFactory$DisableAutoConfigurationContextCustomizer@31e9f56e, org.springframework.boot.test.autoconfigure.actuate.metrics.MetricsExportContextCustomizerFactory$DisableMetricExportContextCustomizer@a9135d9, org.springframework.boot.test.autoconfigure.filter.TypeExcludeFiltersContextCustomizer@351584c0, org.springframework.boot.test.autoconfigure.properties.PropertyMappingContextCustomizer@0, org.springframework.boot.test.autoconfigure.web.servlet.WebDriverContextCustomizerFactory$Customizer@3233dc79, [ImportsContextCustomizer@54a75b60 key = [org.springframework.boot.autoconfigure.data.r2dbc.R2dbcRepositoriesAutoConfiguration, org.springframework.boot.autoconfigure.data.r2dbc.R2dbcDataAutoConfiguration, org.springframework.boot.autoconfigure.flyway.FlywayAutoConfiguration, org.springframework.boot.autoconfigure.liquibase.LiquibaseAutoConfiguration, org.springframework.boot.autoconfigure.r2dbc.R2dbcAutoConfiguration, org.springframework.boot.autoconfigure.r2dbc.R2dbcTransactionManagerAutoConfiguration, org.springframework.boot.autoconfigure.transaction.TransactionAutoConfiguration, com.polarbookshop.orderservice.order.persistence.DataConfig]], org.springframework.boot.test.context.filter.ExcludeFilterContextCustomizer@2a5463d6, org.springframework.boot.test.json.DuplicateJsonObjectContextCustomizerFactory$DuplicateJsonObjectContextCustomizer@abe9465, org.springframework.boot.test.mock.mockito.MockitoContextCustomizer@0, org.springframework.test.context.support.DynamicPropertiesContextCustomizer@96d94174, org.springframework.boot.test.context.SpringBootTestArgs@1, org.springframework.boot.test.context.SpringBootTestWebEnvironment@0], contextLoader = 'org.springframework.boot.test.context.SpringBootContextLoader', parent = [null]], attributes = map[[empty]]], class annotated with @DirtiesContext [false] with mode [null].
00:35:29.629 [Test worker] DEBUG org.testcontainers.utility.TestcontainersConfiguration - Testcontainers configuration overrides will be loaded from file:/C:/Users/Chung2/.testcontainers.properties
00:35:29.633 [Test worker] INFO org.testcontainers.dockerclient.DockerClientProviderStrategy - Loaded org.testcontainers.dockerclient.NpipeSocketClientProviderStrategy from ~/.testcontainers.properties, will try it first
00:35:29.848 [ducttape-0] DEBUG org.testcontainers.dockerclient.DockerClientProviderStrategy - Pinging docker daemon...
00:35:29.873 [ducttape-0] DEBUG org.testcontainers.shaded.com.github.dockerjava.core.command.AbstrDockerCmd - Cmd: 
00:35:30.032 [Test worker] INFO org.testcontainers.dockerclient.DockerClientProviderStrategy - Found Docker environment with local Npipe socket (npipe:////./pipe/docker_engine)
00:35:30.032 [Test worker] DEBUG org.testcontainers.dockerclient.DockerClientProviderStrategy - Transport type: 'okhttp', Docker host: 'npipe:////./pipe/docker_engine'
00:35:30.033 [Test worker] DEBUG org.testcontainers.dockerclient.DockerClientProviderStrategy - Checking Docker OS type for local Npipe socket (npipe:////./pipe/docker_engine)
00:35:30.034 [Test worker] INFO org.testcontainers.DockerClientFactory - Docker host IP address is localhost
00:35:30.034 [Test worker] DEBUG org.testcontainers.shaded.com.github.dockerjava.core.command.AbstrDockerCmd - Cmd: 
00:35:30.050 [Test worker] DEBUG org.testcontainers.shaded.com.github.dockerjava.core.command.AbstrDockerCmd - Cmd: 
00:35:30.070 [Test worker] INFO org.testcontainers.DockerClientFactory - Connected to docker: 
  Server Version: 20.10.5
  API Version: 1.41
  Operating System: Docker Desktop
  Total Memory: 1989 MB
00:35:30.070 [Test worker] DEBUG org.testcontainers.DockerClientFactory - Ryuk is enabled
00:35:30.073 [Test worker] INFO org.testcontainers.utility.ImageNameSubstitutor - Image name substitution will be performed by: DefaultImageNameSubstitutor (composite of 'ConfigurationFileImageNameSubstitutor' and 'PrefixingImageNameSubstitutor')
00:35:30.075 [Test worker] DEBUG org.testcontainers.utility.PrefixingImageNameSubstitutor - No prefix is configured
00:35:30.075 [Test worker] DEBUG org.testcontainers.utility.ImageNameSubstitutor - Did not find a substitute image for testcontainers/ryuk:0.3.1 (using image substitutor: DefaultImageNameSubstitutor (composite of 'ConfigurationFileImageNameSubstitutor' and 'PrefixingImageNameSubstitutor'))
00:35:30.076 [Test worker] DEBUG org.testcontainers.shaded.com.github.dockerjava.core.command.AbstrDockerCmd - Cmd: testcontainers/ryuk:0.3.1
00:35:30.119 [Test worker] DEBUG org.testcontainers.utility.RegistryAuthLocator - Looking up auth config for image: testcontainers/ryuk:0.3.1 at registry: index.docker.io
00:35:30.119 [Test worker] DEBUG org.testcontainers.utility.RegistryAuthLocator - RegistryAuthLocator has configFile: C:\Users\Chung2\.docker\config.json (exists) and commandPathPrefix: 
00:35:30.124 [Test worker] DEBUG org.testcontainers.utility.RegistryAuthLocator - registryName [index.docker.io] for dockerImageName [testcontainers/ryuk:0.3.1]
00:35:30.124 [Test worker] DEBUG org.testcontainers.utility.RegistryAuthLocator - Executing docker credential provider: docker-credential-desktop to locate auth config for: index.docker.io
00:35:30.132 [Test worker] DEBUG org.testcontainers.shaded.org.zeroturnaround.exec.ProcessExecutor - Executing [docker-credential-desktop, get].
00:35:30.144 [Test worker] DEBUG org.testcontainers.shaded.org.zeroturnaround.exec.ProcessExecutor - Started Process[pid=34872, exitValue="not exited"]
00:35:30.246 [WaitForProcess-Process[pid=34872, exitValue="not exited"]] DEBUG org.testcontainers.shaded.org.zeroturnaround.exec.WaitForProcess - Process[pid=34872, exitValue=0] stopped with exit code 0
00:35:30.249 [Test worker] DEBUG org.testcontainers.utility.RegistryAuthLocator - Credential helper/store provided auth config for: index.docker.io
00:35:30.251 [Test worker] DEBUG org.testcontainers.utility.RegistryAuthLocator - found creds store auth config [AuthConfig{username=chungha, password=hidden non-blank value, auth=blank, email=null, registryAddress=index.docker.io, registryToken=blank}]
00:35:30.251 [Test worker] DEBUG org.testcontainers.utility.RegistryAuthLocator - Cached auth found: [AuthConfig{username=chungha, password=hidden non-blank value, auth=blank, email=null, registryAddress=index.docker.io, registryToken=blank}]
00:35:30.251 [Test worker] DEBUG org.testcontainers.dockerclient.AuthDelegatingDockerClientConfig - Effective auth config [AuthConfig{username=chungha, password=hidden non-blank value, auth=blank, email=null, registryAddress=index.docker.io, registryToken=blank}]
00:35:30.254 [Test worker] DEBUG org.testcontainers.shaded.com.github.dockerjava.core.command.AbstrDockerCmd - Cmd: org.testcontainers.shaded.com.github.dockerjava.core.command.CreateContainerCmdImpl@12bed8a9[name=testcontainers-ryuk-c4a12bae-c7bc-4c78-8abb-5a09db7e207f,hostName=<null>,domainName=<null>,user=<null>,attachStdin=<null>,attachStdout=<null>,attachStderr=<null>,portSpecs=<null>,tty=<null>,stdinOpen=<null>,stdInOnce=<null>,env=<null>,cmd=<null>,healthcheck=<null>,argsEscaped=<null>,entrypoint=<null>,image=testcontainers/ryuk:0.3.1,volumes=com.github.dockerjava.api.model.Volumes@45e8d3e9,workingDir=<null>,macAddress=<null>,onBuild=<null>,networkDisabled=<null>,exposedPorts=com.github.dockerjava.api.model.ExposedPorts@5883d69a,stopSignal=<null>,stopTimeout=<null>,hostConfig=HostConfig(binds=[//var/run/docker.sock:/var/run/docker.sock:rw], blkioWeight=null, blkioWeightDevice=null, blkioDeviceReadBps=null, blkioDeviceWriteBps=null, blkioDeviceReadIOps=null, blkioDeviceWriteIOps=null, memorySwappiness=null, nanoCPUs=null, capAdd=null, capDrop=null, containerIDFile=null, cpuPeriod=null, cpuRealtimePeriod=null, cpuRealtimeRuntime=null, cpuShares=null, cpuQuota=null, cpusetCpus=null, cpusetMems=null, devices=null, deviceCgroupRules=null, deviceRequests=null, diskQuota=null, dns=null, dnsOptions=null, dnsSearch=null, extraHosts=null, groupAdd=null, ipcMode=null, cgroup=null, links=[], logConfig=LogConfig(type=null, config=null), lxcConf=null, memory=null, memorySwap=null, memoryReservation=null, kernelMemory=null, networkMode=null, oomKillDisable=null, init=null, autoRemove=true, oomScoreAdj=null, portBindings=null, privileged=false, publishAllPorts=true, readonlyRootfs=null, restartPolicy=null, ulimits=null, cpuCount=null, cpuPercent=null, ioMaximumIOps=null, ioMaximumBandwidth=null, volumesFrom=null, mounts=null, pidMode=null, isolation=null, securityOpts=null, storageOpt=null, cgroupParent=null, volumeDriver=null, shmSize=null, pidsLimit=null, runtime=null, tmpFs=null, utSMode=null, usernsMode=null, sysctls=null, consoleSize=null),labels={org.testcontainers=true},shell=<null>,networkingConfig=<null>,ipv4Address=<null>,ipv6Address=<null>,aliases=<null>,authConfig=AuthConfig(username=chungha, email=null, registryAddress=index.docker.io, stackOrchestrator=null)]
00:35:30.400 [Test worker] DEBUG org.testcontainers.shaded.com.github.dockerjava.core.command.AbstrDockerCmd - Cmd: 8ec89a0662c6e9f2b508f3a82b43e98bb9d69f8cbe85b85345fb4181d024f655
00:35:30.715 [Test worker] DEBUG org.testcontainers.shaded.com.github.dockerjava.core.command.AbstrDockerCmd - Cmd: 8ec89a0662c6e9f2b508f3a82b43e98bb9d69f8cbe85b85345fb4181d024f655,false
00:35:30.716 [Test worker] DEBUG org.testcontainers.shaded.com.github.dockerjava.core.exec.InspectContainerCmdExec - GET: DefaultWebTarget{path=[/containers/8ec89a0662c6e9f2b508f3a82b43e98bb9d69f8cbe85b85345fb4181d024f655/json], queryParams={}}
00:35:30.795 [testcontainers-ryuk] DEBUG org.testcontainers.utility.ResourceReaper - Sending 'label=org.testcontainers%3Dtrue&label=org.testcontainers.sessionId%3Dc4a12bae-c7bc-4c78-8abb-5a09db7e207f' to Ryuk
00:35:30.797 [testcontainers-ryuk] DEBUG org.testcontainers.utility.ResourceReaper - Received 'ACK' from Ryuk
00:35:30.799 [Test worker] INFO org.testcontainers.DockerClientFactory - Ryuk started - will monitor and terminate Testcontainers containers on JVM exit
00:35:30.799 [Test worker] DEBUG org.testcontainers.DockerClientFactory - Checks are enabled
00:35:30.799 [Test worker] INFO org.testcontainers.DockerClientFactory - Checking the system...
00:35:30.800 [Test worker] INFO org.testcontainers.DockerClientFactory - ?? Docker server version should be at least 1.6.0
00:35:30.802 [Test worker] DEBUG org.testcontainers.shaded.com.github.dockerjava.core.command.AbstrDockerCmd - Cmd: 8ec89a0662c6e9f2b508f3a82b43e98bb9d69f8cbe85b85345fb4181d024f655,<null>,true,<null>,<null>,<null>,<null>,{df,-P},<null>,<null>
00:35:30.907 [Test worker] INFO org.testcontainers.DockerClientFactory - ?? Docker environment should have more than 2GB free disk space
00:35:30.907 [Test worker] DEBUG org.testcontainers.utility.PrefixingImageNameSubstitutor - No prefix is configured
00:35:30.907 [Test worker] DEBUG org.testcontainers.utility.ImageNameSubstitutor - Did not find a substitute image for postgres:13 (using image substitutor: DefaultImageNameSubstitutor (composite of 'ConfigurationFileImageNameSubstitutor' and 'PrefixingImageNameSubstitutor'))
00:35:30.910 [Test worker] DEBUG org.testcontainers.shaded.com.github.dockerjava.core.command.AbstrDockerCmd - Cmd: ListImagesCmdImpl[imageNameFilter=<null>,showAll=false,filters=org.testcontainers.shaded.com.github.dockerjava.core.util.FiltersBuilder@0]
00:35:31.006 [Test worker] DEBUG org.testcontainers.images.LocalImagesCache - repoTags is null, skipping image: Image(created=1612058502, id=sha256:7caf66d362029ff87d6667a7d28f64b64e7ffc44770dd109a0926352470748c7, parentId=, repoTags=null, repoDigests=[paketobuildpacks/run@sha256:1f7e8b4faa102c3c58474632b5366965c3a5765bb156e1ac77b16eb49bcc1086], size=87353833, virtualSize=87353833, sharedSize=-1, labels={io.buildpacks.stack.description=ubuntu:bionic + openssl + CA certs, io.buildpacks.stack.distro.name=Ubuntu, io.buildpacks.stack.distro.version=18.04, io.buildpacks.stack.homepage=https://github.com/paketo-buildpacks/stacks, io.buildpacks.stack.id=io.buildpacks.stacks.bionic, io.buildpacks.stack.maintainer=Paketo Buildpacks, io.buildpacks.stack.metadata={"base-image": "paketobuildpacks/run@sha256:94c751493a541db165275270ed4307b46a6591106dfe310ef35e8be75b26fd47"}, io.buildpacks.stack.mixins=["adduser","apt","base-files","base-passwd","bash","bsdutils","bzip2","ca-certificates","coreutils","dash","debconf","debianutils","diffutils","dpkg","e2fsprogs","fdisk","findutils","gcc-8-base","gpgv","grep","gzip","hostname","init-system-helpers","libacl1","libapt-pkg5.0","libattr1","libaudit-common","libaudit1","libblkid1","libbz2-1.0","libc-bin","libc6","libcap-ng0","libcom-err2","libdb5.3","libdebconfclient0","libext2fs2","libfdisk1","libffi6","libgcc1","libgcrypt20","libgmp10","libgnutls30","libgpg-error0","libhogweed4","libidn2-0","liblz4-1","liblzma5","libmount1","libncurses5","libncursesw5","libnettle6","libp11-kit0","libpam-modules","libpam-modules-bin","libpam-runtime","libpam0g","libpcre3","libprocps6","libseccomp2","libselinux1","libsemanage-common","libsemanage1","libsepol1","libsmartcols1","libss2","libssl1.1","libstdc++6","libsystemd0","libtasn1-6","libtinfo5","libudev1","libunistring2","libuuid1","libyaml-0-2","libzstd1","locales","login","lsb-base","mawk","mount","ncurses-base","ncurses-bin","openssl","passwd","perl-base","procps","sed","sensible-utils","sysvinit-utils","tar","tzdata","ubuntu-keyring","util-linux","zlib1g"], io.buildpacks.stack.released=2021-01-31}, containers=-1)
00:35:31.006 [Test worker] DEBUG org.testcontainers.images.LocalImagesCache - repoTags is null, skipping image: Image(created=1611191557, id=sha256:094599011731a3d022da48d9d83fdcf7c3113cd3bf3d7261265e2cad222e7263, parentId=, repoTags=null, repoDigests=[kindest/node@sha256:8f7ea6e7642c0da54f04a7ee10431549c0257315b3a634f6ef2fecaaedb19bab], size=1167006716, virtualSize=1167006716, sharedSize=-1, labels={}, containers=-1)
00:35:31.006 [Test worker] DEBUG org.testcontainers.images.LocalImagesCache - repoTags is null, skipping image: Image(created=315532801, id=sha256:1c2e66aec1a317a68bedb91b199940e195fa3a353a73e28c5ef1fe0cda2d958d, parentId=, repoTags=null, repoDigests=[gcr.io/paketo-buildpacks/builder@sha256:64ca6cab7870a07da2dc690f2ede90633f309832fe109c69762399f8aa5ed37c], size=671636619, virtualSize=671636619, sharedSize=-1, labels={io.buildpacks.builder.metadata={"description":"Ubuntu bionic base image with buildpacks for Java, .NET Core, NodeJS, Go, Ruby, NGINX and Procfile","buildpacks":[{"id":"paketo-buildpacks/dotnet-core","version":"0.1.0","homepage":"https://github.com/paketo-buildpacks/dotnet-core"},{"id":"paketo-buildpacks/dotnet-core-runtime","version":"0.1.3","homepage":"https://github.com/paketo-buildpacks/dotnet-core-runtime"},{"id":"paketo-buildpacks/dotnet-publish","version":"0.1.3","homepage":"https://github.com/paketo-buildpacks/dotnet-publish"},{"id":"paketo-buildpacks/node-engine","version":"0.1.6","homepage":"https://github.com/paketo-buildpacks/node-engine"},{"id":"paketo-buildpacks/procfile","version":"3.0.0","homepage":"https://github.com/paketo-buildpacks/procfile"},{"id":"paketo-buildpacks/dotnet-core-aspnet","version":"0.1.5","homepage":"https://github.com/paketo-buildpacks/dotnet-core-aspnet"},{"id":"paketo-buildpacks/dotnet-core-sdk","version":"0.1.4","homepage":"https://github.com/paketo-buildpacks/dotnet-core-sdk"},{"id":"paketo-buildpacks/dotnet-execute","version":"0.3.1","homepage":"https://github.com/paketo-buildpacks/dotnet-execute"},{"id":"paketo-buildpacks/icu","version":"0.0.100","homepage":"https://github.com/paketo-buildpacks/icu"},{"id":"paketo-buildpacks/go","version":"0.3.1","homepage":"https://github.com/paketo-buildpacks/go"},{"id":"paketo-buildpacks/go-build","version":"0.2.0","homepage":"https://github.com/paketo-buildpacks/go-build"},{"id":"paketo-buildpacks/go-dist","version":"0.2.8","homepage":"https://github.com/paketo-buildpacks/go-dist"},{"id":"paketo-buildpacks/go-mod-vendor","version":"0.0.171","homepage":"https://github.com/paketo-buildpacks/go-mod-vendor"},{"id":"paketo-buildpacks/procfile","version":"3.0.0","homepage":"https://github.com/paketo-buildpacks/procfile"},{"id":"paketo-buildpacks/dep","version":"0.0.175","homepage":"https://github.com/paketo-buildpacks/dep"},{"id":"paketo-buildpacks/dep-ensure","version":"0.0.35","homepage":"https://github.com/paketo-buildpacks/dep-ensure"},{"id":"paketo-buildpacks/java-native-image","version":"4.7.0","homepage":"https://github.com/paketo-buildpacks/java-native-image"},{"id":"paketo-buildpacks/environment-variables","version":"2.1.2","homepage":"https://github.com/paketo-buildpacks/environment-variables"},{"id":"paketo-buildpacks/gradle","version":"3.5.0","homepage":"https://github.com/paketo-buildpacks/gradle"},{"id":"paketo-buildpacks/image-labels","version":"2.0.7","homepage":"https://github.com/paketo-buildpacks/image-labels"},{"id":"paketo-buildpacks/maven","version":"3.2.1","homepage":"https://github.com/paketo-buildpacks/maven"},{"id":"paketo-buildpacks/procfile","version":"3.0.0","homepage":"https://github.com/paketo-buildpacks/procfile"},{"id":"paketo-buildpacks/spring-boot","version":"3.5.0","homepage":"https://github.com/paketo-buildpacks/spring-boot"},{"id":"paketo-buildpacks/executable-jar","version":"3.1.3","homepage":"https://github.com/paketo-buildpacks/executable-jar"},{"id":"paketo-buildpacks/graalvm","version":"4.1.0","homepage":"https://github.com/paketo-buildpacks/graalvm"},{"id":"paketo-buildpacks/leiningen","version":"1.2.1","homepage":"https://github.com/paketo-buildpacks/leiningen"},{"id":"paketo-buildpacks/sbt","version":"3.6.0","homepage":"https://github.com/paketo-buildpacks/sbt"},{"id":"paketo-buildpacks/spring-boot-native-image","version":"2.0.1","homepage":"https://github.com/paketo-buildpacks/spring-boot-native-image"},{"id":"paketo-buildpacks/java","version":"4.10.0","homepage":"https://github.com/paketo-buildpacks/java"},{"id":"paketo-buildpacks/azure-application-insights","version":"3.1.0","homepage":"https://github.com/paketo-buildpacks/azure-application-insights"},{"id":"paketo-buildpacks/ca-certificates","version":"1.0.1","homepage":"https://github.com/paketo-buildpacks/ca-certificates"},{"id":"paketo-buildpacks/executable-jar","version":"3.1.3","homepage":"https://github.com/paketo-buildpacks/executable-jar"},{"id":"paketo-buildpacks/gradle","version":"3.5.0","homepage":"https://github.com/paketo-buildpacks/gradle"},{"id":"paketo-buildpacks/spring-boot","version":"3.5.0","homepage":"https://github.com/paketo-buildpacks/spring-boot"},{"id":"paketo-buildpacks/apache-tomcat","version":"3.2.0","homepage":"https://github.com/paketo-buildpacks/apache-tomcat"},{"id":"paketo-buildpacks/encrypt-at-rest","version":"2.2.3","homepage":"https://github.com/paketo-buildpacks/encrypt-at-rest"},{"id":"paketo-buildpacks/leiningen","version":"1.2.1","homepage":"https://github.com/paketo-buildpacks/leiningen"},{"id":"paketo-buildpacks/sbt","version":"3.6.0","homepage":"https://github.com/paketo-buildpacks/sbt"},{"id":"paketo-buildpacks/bellsoft-liberica","version":"6.2.0","homepage":"https://github.com/paketo-buildpacks/bellsoft-liberica"},{"id":"paketo-buildpacks/jmx","version":"2.1.4","homepage":"https://github.com/paketo-buildpacks/jmx"},{"id":"paketo-buildpacks/maven","version":"3.2.1","homepage":"https://github.com/paketo-buildpacks/maven"},{"id":"paketo-buildpacks/image-labels","version":"2.0.7","homepage":"https://github.com/paketo-buildpacks/image-labels"},{"id":"paketo-buildpacks/dist-zip","version":"2.2.2","homepage":"https://github.com/paketo-buildpacks/dist-zip"},{"id":"paketo-buildpacks/environment-variables","version":"2.1.2","homepage":"https://github.com/paketo-buildpacks/environment-variables"},{"id":"paketo-buildpacks/google-stackdriver","version":"2.16.0","homepage":"https://github.com/paketo-buildpacks/google-stackdriver"},{"id":"paketo-buildpacks/procfile","version":"3.0.0","homepage":"https://github.com/paketo-buildpacks/procfile"},{"id":"paketo-buildpacks/debug","version":"2.1.4","homepage":"https://github.com/paketo-buildpacks/debug"},{"id":"paketo-buildpacks/nginx","version":"0.0.196","homepage":"https://github.com/paketo-buildpacks/nginx"},{"id":"paketo-buildpacks/nodejs","version":"0.0.12","homepage":"https://github.com/paketo-buildpacks/nodejs"},{"id":"paketo-buildpacks/node-engine","version":"0.1.5","homepage":"https://github.com/paketo-buildpacks/node-engine"},{"id":"paketo-buildpacks/node-start","version":"0.0.9","homepage":"https://github.com/paketo-buildpacks/node-start"},{"id":"paketo-buildpacks/npm-start","version":"0.0.3","homepage":"https://github.com/paketo-buildpacks/npm-start"},{"id":"paketo-buildpacks/procfile","version":"3.0.0","homepage":"https://github.com/paketo-buildpacks/procfile"},{"id":"paketo-buildpacks/yarn","version":"0.1.1","homepage":"https://github.com/paketo-buildpacks/yarn"},{"id":"paketo-buildpacks/yarn-install","version":"0.2.2","homepage":"https://github.com/paketo-buildpacks/yarn-install"},{"id":"paketo-buildpacks/yarn-start","version":"0.0.3","homepage":"https://github.com/paketo-buildpacks/yarn-start"},{"id":"paketo-buildpacks/npm-install","version":"0.2.4","homepage":"https://github.com/paketo-buildpacks/npm-install"},{"id":"paketo-buildpacks/procfile","version":"3.0.0","homepage":"https://github.com/paketo-buildpacks/procfile"},{"id":"paketo-buildpacks/ruby","version":"0.3.1","homepage":"https://github.com/paketo-buildpacks/ruby"},{"id":"paketo-buildpacks/rake","version":"0.0.8","homepage":"https://github.com/paketo-buildpacks/rake"},{"id":"paketo-buildpacks/rackup","version":"0.0.51","homepage":"https://github.com/paketo-buildpacks/rackup"},{"id":"paketo-buildpacks/thin","version":"0.0.48","homepage":"https://github.com/paketo-buildpacks/thin"},{"id":"paketo-buildpacks/unicorn","version":"0.0.46","homepage":"https://github.com/paketo-buildpacks/unicorn"},{"id":"paketo-buildpacks/yarn-install","version":"0.2.2","homepage":"https://github.com/paketo-buildpacks/yarn-install"},{"id":"paketo-buildpacks/rails-assets","version":"0.1.0","homepage":"https://github.com/paketo-buildpacks/rails-assets"},{"id":"paketo-buildpacks/passenger","version":"0.0.13","homepage":"https://github.com/paketo-buildpacks/passenger"},{"id":"paketo-buildpacks/yarn","version":"0.1.1","homepage":"https://github.com/paketo-buildpacks/yarn"},{"id":"paketo-buildpacks/bundler","version":"0.1.2","homepage":"https://github.com/paketo-buildpacks/bundler"},{"id":"paketo-buildpacks/mri","version":"0.1.1","homepage":"https://github.com/paketo-buildpacks/mri"},{"id":"paketo-buildpacks/node-engine","version":"0.1.5","homepage":"https://github.com/paketo-buildpacks/node-engine"},{"id":"paketo-buildpacks/procfile","version":"3.0.0","homepage":"https://github.com/paketo-buildpacks/procfile"},{"id":"paketo-buildpacks/puma","version":"0.0.55","homepage":"https://github.com/paketo-buildpacks/puma"},{"id":"paketo-buildpacks/bundle-install","version":"0.1.4","homepage":"https://github.com/paketo-buildpacks/bundle-install"}],"stack":{"runImage":{"image":"index.docker.io/paketobuildpacks/run:base-cnb","mirrors":["gcr.io/paketo-buildpacks/run:base-cnb"]}},"lifecycle":{"version":"0.10.2","api":{"buildpack":"0.2","platform":"0.3"},"apis":{"buildpack":{"deprecated":[],"supported":["0.2","0.3","0.4","0.5"]},"platform":{"deprecated":[],"supported":["0.3","0.4","0.5"]}}},"createdBy":{"name":"Pack CLI","version":"0.15.1+git-79adc30.build-1660"}}, io.buildpacks.buildpack.layers={"paketo-buildpacks/apache-tomcat":{"3.2.0":{"api":"0.4","stacks":[{"id":"io.buildpacks.stacks.bionic"},{"id":"org.cloudfoundry.stacks.cflinuxfs3"}],"layerDiffID":"sha256:d69fdd3c9552494778b84169969525c60f5523d86dfaa9c838f3106c733e1913","homepage":"https://github.com/paketo-buildpacks/apache-tomcat"}},"paketo-buildpacks/azure-application-insights":{"3.1.0":{"api":"0.4","stacks":[{"id":"io.buildpacks.stacks.bionic"},{"id":"org.cloudfoundry.stacks.cflinuxfs3"}],"layerDiffID":"sha256:12cb6ad13f5d59732f192d87a5d20b7560488fa950d5cdca034efab11bdf619c","homepage":"https://github.com/paketo-buildpacks/azure-application-insights"}},"paketo-buildpacks/bellsoft-liberica":{"6.2.0":{"api":"0.4","stacks":[{"id":"io.buildpacks.stacks.bionic"},{"id":"org.cloudfoundry.stacks.cflinuxfs3"}],"layerDiffID":"sha256:201c44a94879e41a29bae96fd9f3aa8dba2dc9a9a0d29555b8a9cdcd888dcb9e","homepage":"https://github.com/paketo-buildpacks/bellsoft-liberica"}},"paketo-buildpacks/bundle-install":{"0.1.4":{"api":"0.2","stacks":[{"id":"org.cloudfoundry.stacks.cflinuxfs3"},{"id":"io.buildpacks.stacks.bionic"}],"layerDiffID":"sha256:ea0ca740d21bf121007ccc9e033d7450e16020cc145a4fbaf999cf8c4022e25d","homepage":"https://github.com/paketo-buildpacks/bundle-install"}},"paketo-buildpacks/bundler":{"0.1.2":{"api":"0.2","stacks":[{"id":"io.buildpacks.stacks.bionic"},{"id":"org.cloudfoundry.stacks.cflinuxfs3"}],"layerDiffID":"sha256:0c3dfb2b546ddd1355def2059339801231a2e45ce1e6920f0122be7da80c9f6d","homepage":"https://github.com/paketo-buildpacks/bundler"}},"paketo-buildpacks/ca-certificates":{"1.0.1":{"api":"0.4","stacks":[{"id":"io.buildpacks.stacks.bionic"}],"layerDiffID":"sha256:234bdf4c47f49ccfae7760b48551fe2f493600bc2b063368c7190f611e4d58ef","homepage":"https://github.com/paketo-buildpacks/ca-certificates"}},"paketo-buildpacks/debug":{"2.1.4":{"api":"0.4","stacks":[{"id":"io.buildpacks.stacks.bionic"},{"id":"org.cloudfoundry.stacks.cflinuxfs3"}],"layerDiffID":"sha256:3fbed526b1ec97e5b56601cf96cd79b6eb4bbc2dd1a40399a822103457e54ca5","homepage":"https://github.com/paketo-buildpacks/debug"}},"paketo-buildpacks/dep":{"0.0.175":{"api":"0.4","stacks":[{"id":"io.buildpacks.stacks.bionic"},{"id":"org.cloudfoundry.stacks.cflinuxfs3"},{"id":"io.paketo.stacks.tiny"}],"layerDiffID":"sha256:f82f499163c38aa9e8f73f6e740ad8a1bfe50d1843f266536653e628024571cf","homepage":"https://github.com/paketo-buildpacks/dep"}},"paketo-buildpacks/dep-ensure":{"0.0.35":{"api":"0.4","stacks":[{"id":"io.buildpacks.stacks.bionic"},{"id":"io.paketo.stacks.tiny"},{"id":"org.cloudfoundry.stacks.cflinuxfs3"}],"layerDiffID":"sha256:643bd563cb8a43268db1a68135082429adf411e7df545781fee66ec122f3ffe0","homepage":"https://github.com/paketo-buildpacks/dep-ensure"}},"paketo-buildpacks/dist-zip":{"2.2.2":{"api":"0.4","stacks":[{"id":"io.buildpacks.stacks.bionic"},{"id":"org.cloudfoundry.stacks.cflinuxfs3"}],"layerDiffID":"sha256:1db92afdea4b21262511d042230e436d08c89bee803556373e31c168342fd9d4","homepage":"https://github.com/paketo-buildpacks/dist-zip"}},"paketo-buildpacks/dotnet-core":{"0.1.0":{"api":"0.2","order":[{"group":[{"id":"paketo-buildpacks/dotnet-core-runtime","version":"0.1.3"},{"id":"paketo-buildpacks/dotnet-core-aspnet","version":"0.1.5","optional":true},{"id":"paketo-buildpacks/dotnet-core-sdk","version":"0.1.4"},{"id":"paketo-buildpacks/icu","version":"0.0.100","optional":true},{"id":"paketo-buildpacks/node-engine","version":"0.1.6","optional":true},{"id":"paketo-buildpacks/dotnet-publish","version":"0.1.3"},{"id":"paketo-buildpacks/dotnet-execute","version":"0.3.1"},{"id":"paketo-buildpacks/procfile","version":"3.0.0","optional":true}]},{"group":[{"id":"paketo-buildpacks/dotnet-core-runtime","version":"0.1.3"},{"id":"paketo-buildpacks/dotnet-core-aspnet","version":"0.1.5","optional":true},{"id":"paketo-buildpacks/dotnet-core-sdk","version":"0.1.4","optional":true},{"id":"paketo-buildpacks/icu","version":"0.0.100","optional":true},{"id":"paketo-buildpacks/node-engine","version":"0.1.6","optional":true},{"id":"paketo-buildpacks/dotnet-execute","version":"0.3.1"},{"id":"paketo-buildpacks/procfile","version":"3.0.0","optional":true}]},{"group":[{"id":"paketo-buildpacks/icu","version":"0.0.100","optional":true},{"id":"paketo-buildpacks/node-engine","version":"0.1.6","optional":true},{"id":"paketo-buildpacks/dotnet-execute","version":"0.3.1"},{"id":"paketo-buildpacks/procfile","version":"3.0.0","optional":true}]}],"layerDiffID":"sha256:883129c1c322efde120ad95e8b7c7ce9d0681c31ab93db9c017ae3b6f76d98e7","homepage":"https://github.com/paketo-buildpacks/dotnet-core"}},"paketo-buildpacks/dotnet-core-aspnet":{"0.1.5":{"api":"0.2","stacks":[{"id":"io.buildpacks.stacks.bionic"},{"id":"org.cloudfoundry.stacks.cflinuxfs3"}],"layerDiffID":"sha256:81b4ebdbf33aa16e2363c6f1725bf02a5312396eeeca37ea84c29100796b040c","homepage":"https://github.com/paketo-buildpacks/dotnet-core-aspnet"}},"paketo-buildpacks/dotnet-core-runtime":{"0.1.3":{"api":"0.2","stacks":[{"id":"io.buildpacks.stacks.bionic"},{"id":"org.cloudfoundry.stacks.cflinuxfs3"}],"layerDiffID":"sha256:cee270682d0069c46a3f9574ae4bae62e89acdd8dea60e740a7c902ff0de0889","homepage":"https://github.com/paketo-buildpacks/dotnet-core-runtime"}},"paketo-buildpacks/dotnet-core-sdk":{"0.1.4":{"api":"0.2","stacks":[{"id":"io.buildpacks.stacks.bionic"},{"id":"org.cloudfoundry.stacks.cflinuxfs3"}],"layerDiffID":"sha256:e513e69fc49ed765da25fa38c22267408d97d87abef16e4919ccf303180f5aaa","homepage":"https://github.com/paketo-buildpacks/dotnet-core-sdk"}},"paketo-buildpacks/dotnet-execute":{"0.3.1":{"api":"0.2","stacks":[{"id":"org.cloudfoundry.stacks.cflinuxfs3"},{"id":"io.buildpacks.stacks.bionic"}],"layerDiffID":"sha256:1ccb392c07eab7e70358f400b50d5ca3538b49b285a63135511f8f2c1b037b8b","homepage":"https://github.com/paketo-buildpacks/dotnet-execute"}},"paketo-buildpacks/dotnet-publish":{"0.1.3":{"api":"0.2","stacks":[{"id":"org.cloudfoundry.stacks.cflinuxfs3"},{"id":"io.buildpacks.stacks.bionic"}],"layerDiffID":"sha256:308121f903d0099a2cedfa0e97b9eb7e61f9c27b52c5b8744e88c4ab04e1f18a","homepage":"https://github.com/paketo-buildpacks/dotnet-publish"}},"paketo-buildpacks/encrypt-at-rest":{"2.2.3":{"api":"0.4","stacks":[{"id":"io.buildpacks.stacks.bionic"},{"id":"org.cloudfoundry.stacks.cflinuxfs3"}],"layerDiffID":"sha256:ddba5bdb5b7d75fc792c16e2f4600c2a82b345b61f3e625bcd9d5dea1eeb8ca7","homepage":"https://github.com/paketo-buildpacks/encrypt-at-rest"}},"paketo-buildpacks/environment-variables":{"2.1.2":{"api":"0.4","stacks":[{"id":"io.buildpacks.stacks.bionic"},{"id":"io.paketo.stacks.tiny"},{"id":"org.cloudfoundry.stacks.cflinuxfs3"}],"layerDiffID":"sha256:1d2e0540271985a5021af35962608b36a540c69346e3af013646d49acab1563c","homepage":"https://github.com/paketo-buildpacks/environment-variables"}},"paketo-buildpacks/executable-jar":{"3.1.3":{"api":"0.4","stacks":[{"id":"io.buildpacks.stacks.bionic"},{"id":"io.paketo.stacks.tiny"},{"id":"org.cloudfoundry.stacks.cflinuxfs3"}],"layerDiffID":"sha256:cbe6cfc725ebabb868e221fa2ab3a7660058006a19b236f88ead4cb95628b3e2","homepage":"https://github.com/paketo-buildpacks/executable-jar"}},"paketo-buildpacks/go":{"0.3.1":{"api":"0.2","order":[{"group":[{"id":"paketo-buildpacks/go-dist","version":"0.2.8"},{"id":"paketo-buildpacks/go-mod-vendor","version":"0.0.171"},{"id":"paketo-buildpacks/go-build","version":"0.2.0"},{"id":"paketo-buildpacks/procfile","version":"3.0.0","optional":true}]},{"group":[{"id":"paketo-buildpacks/go-dist","version":"0.2.8"},{"id":"paketo-buildpacks/dep","version":"0.0.175"},{"id":"paketo-buildpacks/dep-ensure","version":"0.0.35"},{"id":"paketo-buildpacks/go-build","version":"0.2.0"},{"id":"paketo-buildpacks/procfile","version":"3.0.0","optional":true}]},{"group":[{"id":"paketo-buildpacks/go-dist","version":"0.2.8"},{"id":"paketo-buildpacks/go-build","version":"0.2.0"},{"id":"paketo-buildpacks/procfile","version":"3.0.0","optional":true}]}],"layerDiffID":"sha256:66f957cf9632bd1d516bdb7b562cfd56bf7b70a7a8ef1b3532d184d7135cad86","homepage":"https://github.com/paketo-buildpacks/go"}},"paketo-buildpacks/go-build":{"0.2.0":{"api":"0.4","stacks":[{"id":"io.buildpacks.stacks.bionic"},{"id":"io.paketo.stacks.tiny"},{"id":"org.cloudfoundry.stacks.cflinuxfs3"}],"layerDiffID":"sha256:e6b8c86512d36cd51cfa20213f02070a054948806f8054fbb7c60a266ee994bc","homepage":"https://github.com/paketo-buildpacks/go-build"}},"paketo-buildpacks/go-dist":{"0.2.8":{"api":"0.4","stacks":[{"id":"io.buildpacks.stacks.bionic"},{"id":"io.paketo.stacks.tiny"},{"id":"org.cloudfoundry.stacks.cflinuxfs3"}],"layerDiffID":"sha256:f122fba277fd2277e6a6131c87c20504fe0e1044924c76cd756d981c2a7d6a43","homepage":"https://github.com/paketo-buildpacks/go-dist"}},"paketo-buildpacks/go-mod-vendor":{"0.0.171":{"api":"0.4","stacks":[{"id":"org.cloudfoundry.stacks.cflinuxfs3"},{"id":"io.buildpacks.stacks.bionic"},{"id":"io.paketo.stacks.tiny"}],"layerDiffID":"sha256:a3a991758b6dda978086541fd710de893090cb15b2b0c98e298df11488a42dad","homepage":"https://github.com/paketo-buildpacks/go-mod-vendor"}},"paketo-buildpacks/google-stackdriver":{"2.16.0":{"api":"0.4","stacks":[{"id":"io.buildpacks.stacks.bionic"},{"id":"org.cloudfoundry.stacks.cflinuxfs3"}],"layerDiffID":"sha256:2697a8d611fa569a353348bfa38375abda433b52986bab40f0b95d14b273f473","homepage":"https://github.com/paketo-buildpacks/google-stackdriver"}},"paketo-buildpacks/graalvm":{"4.1.0":{"api":"0.4","stacks":[{"id":"io.buildpacks.stacks.bionic"},{"id":"io.paketo.stacks.tiny"},{"id":"org.cloudfoundry.stacks.cflinuxfs3"}],"layerDiffID":"sha256:1cd36d448007c1201b38263e5b14cac0b243fcfc3e31f9cdbdcb1b65dc0da279","homepage":"https://github.com/paketo-buildpacks/graalvm"}},"paketo-buildpacks/gradle":{"3.5.0":{"api":"0.4","stacks":[{"id":"io.buildpacks.stacks.bionic"},{"id":"io.paketo.stacks.tiny"},{"id":"org.cloudfoundry.stacks.cflinuxfs3"}],"layerDiffID":"sha256:47fa79caf5a1b231cdca19884dcfa03ffc4c13208c3403c2ddbe3176228024a3","homepage":"https://github.com/paketo-buildpacks/gradle"}},"paketo-buildpacks/icu":{"0.0.100":{"api":"0.2","stacks":[{"id":"io.buildpacks.stacks.bionic"},{"id":"org.cloudfoundry.stacks.cflinuxfs3"}],"layerDiffID":"sha256:d7a1df9f2497797ceb9c75e3f006b76c2d70eb5606f35f3007f37b2b9a74ac88","homepage":"https://github.com/paketo-buildpacks/icu"}},"paketo-buildpacks/image-labels":{"2.0.7":{"api":"0.4","stacks":[{"id":"io.buildpacks.stacks.bionic"},{"id":"io.paketo.stacks.tiny"},{"id":"org.cloudfoundry.stacks.cflinuxfs3"}],"layerDiffID":"sha256:3703228450b27e00b8303e6eb19e31b92cc1b172788c776bdb742526bf16e7c8","homepage":"https://github.com/paketo-buildpacks/image-labels"}},"paketo-buildpacks/java":{"4.10.0":{"api":"0.4","order":[{"group":[{"id":"paketo-buildpacks/ca-certificates","version":"1.0.1","optional":true},{"id":"paketo-buildpacks/bellsoft-liberica","version":"6.2.0"},{"id":"paketo-buildpacks/gradle","version":"3.5.0","optional":true},{"id":"paketo-buildpacks/leiningen","version":"1.2.1","optional":true},{"id":"paketo-buildpacks/maven","version":"3.2.1","optional":true},{"id":"paketo-buildpacks/sbt","version":"3.6.0","optional":true},{"id":"paketo-buildpacks/executable-jar","version":"3.1.3","optional":true},{"id":"paketo-buildpacks/apache-tomcat","version":"3.2.0","optional":true},{"id":"paketo-buildpacks/dist-zip","version":"2.2.2","optional":true},{"id":"paketo-buildpacks/spring-boot","version":"3.5.0","optional":true},{"id":"paketo-buildpacks/procfile","version":"3.0.0","optional":true},{"id":"paketo-buildpacks/azure-application-insights","version":"3.1.0","optional":true},{"id":"paketo-buildpacks/debug","version":"2.1.4","optional":true},{"id":"paketo-buildpacks/google-stackdriver","version":"2.16.0","optional":true},{"id":"paketo-buildpacks/jmx","version":"2.1.4","optional":true},{"id":"paketo-buildpacks/encrypt-at-rest","version":"2.2.3","optional":true},{"id":"paketo-buildpacks/environment-variables","version":"2.1.2","optional":true},{"id":"paketo-buildpacks/image-labels","version":"2.0.7","optional":true}]}],"layerDiffID":"sha256:fa7a5ac6dce9c323c92cc85aa35cb59f36d8a32bbe2cac0f8cd3bbc3596b4e47","homepage":"https://github.com/paketo-buildpacks/java"}},"paketo-buildpacks/java-native-image":{"4.7.0":{"api":"0.4","order":[{"group":[{"id":"paketo-buildpacks/graalvm","version":"4.1.0"},{"id":"paketo-buildpacks/gradle","version":"3.5.0","optional":true},{"id":"paketo-buildpacks/leiningen","version":"1.2.1","optional":true},{"id":"paketo-buildpacks/maven","version":"3.2.1","optional":true},{"id":"paketo-buildpacks/sbt","version":"3.6.0","optional":true},{"id":"paketo-buildpacks/executable-jar","version":"3.1.3","optional":true},{"id":"paketo-buildpacks/spring-boot","version":"3.5.0","optional":true},{"id":"paketo-buildpacks/spring-boot-native-image","version":"2.0.1"},{"id":"paketo-buildpacks/procfile","version":"3.0.0","optional":true},{"id":"paketo-buildpacks/environment-variables","version":"2.1.2","optional":true},{"id":"paketo-buildpacks/image-labels","version":"2.0.7","optional":true}]}],"layerDiffID":"sha256:a7824caf71a94b3df94a24a5068bc73d57d59900323d41383c4a51c25fd9a8f0","homepage":"https://github.com/paketo-buildpacks/java-native-image"}},"paketo-buildpacks/jmx":{"2.1.4":{"api":"0.4","stacks":[{"id":"io.buildpacks.stacks.bionic"},{"id":"org.cloudfoundry.stacks.cflinuxfs3"}],"layerDiffID":"sha256:d3762c164e88088f1590a92342236fef8c212bd4d38e369c1b2c56f9bda13646","homepage":"https://github.com/paketo-buildpacks/jmx"}},"paketo-buildpacks/leiningen":{"1.2.1":{"api":"0.4","stacks":[{"id":"io.buildpacks.stacks.bionic"},{"id":"io.paketo.stacks.tiny"},{"id":"org.cloudfoundry.stacks.cflinuxfs3"}],"layerDiffID":"sha256:590e9180213fc4069cf31bfe29433bcb44d0ad0027a863ee9965efcbee2b32b6","homepage":"https://github.com/paketo-buildpacks/leiningen"}},"paketo-buildpacks/maven":{"3.2.1":{"api":"0.4","stacks":[{"id":"io.buildpacks.stacks.bionic"},{"id":"io.paketo.stacks.tiny"},{"id":"org.cloudfoundry.stacks.cflinuxfs3"}],"layerDiffID":"sha256:4c92f23620ea13e2dcdbfc0d6620ef0e204fa9de03e8c8db3d6119c8802dca23","homepage":"https://github.com/paketo-buildpacks/maven"}},"paketo-buildpacks/mri":{"0.1.1":{"api":"0.2","stacks":[{"id":"io.buildpacks.stacks.bionic"},{"id":"org.cloudfoundry.stacks.cflinuxfs3"}],"layerDiffID":"sha256:c6dbe090f03500c994f9694556826a382c3fccadc60ede9a694e7d95125923f8","homepage":"https://github.com/paketo-buildpacks/mri"}},"paketo-buildpacks/nginx":{"0.0.196":{"api":"0.2","stacks":[{"id":"io.buildpacks.stacks.bionic"},{"id":"org.cloudfoundry.stacks.cflinuxfs3"}],"layerDiffID":"sha256:14252464e5ce7f40ba01857c0983babc1182b6a4dbbd12ddb007429f9a240507","homepage":"https://github.com/paketo-buildpacks/nginx"}},"paketo-buildpacks/node-engine":{"0.1.5":{"api":"0.2","stacks":[{"id":"io.buildpacks.stacks.bionic"},{"id":"org.cloudfoundry.stacks.cflinuxfs3"}],"layerDiffID":"sha256:a63abf6e0a4a1d361fbbd039cad1b9cbd24f8884855fd4fdc4f50a80e59c2e0f","homepage":"https://github.com/paketo-buildpacks/node-engine"},"0.1.6":{"api":"0.2","stacks":[{"id":"io.buildpacks.stacks.bionic"},{"id":"org.cloudfoundry.stacks.cflinuxfs3"}],"layerDiffID":"sha256:fe186289e95e0bbca595cc30b3cf5d39e6a6f8aec305b5a09844e9b213716fea","homepage":"https://github.com/paketo-buildpacks/node-engine"}},"paketo-buildpacks/node-start":{"0.0.9":{"api":"0.2","stacks":[{"id":"io.buildpacks.stacks.bionic"},{"id":"org.cloudfoundry.stacks.cflinuxfs3"}],"layerDiffID":"sha256:b67b8e9385e2dd674f8edd4c4c35bb9204ca1f2afc4f282b682854c30d4b104c","homepage":"https://github.com/paketo-buildpacks/node-start"}},"paketo-buildpacks/nodejs":{"0.0.12":{"api":"0.2","order":[{"group":[{"id":"paketo-buildpacks/node-engine","version":"0.1.5"},{"id":"paketo-buildpacks/yarn","version":"0.1.1"},{"id":"paketo-buildpacks/yarn-install","version":"0.2.2"},{"id":"paketo-buildpacks/yarn-start","version":"0.0.3"},{"id":"paketo-buildpacks/procfile","version":"3.0.0","optional":true}]},{"group":[{"id":"paketo-buildpacks/node-engine","version":"0.1.5"},{"id":"paketo-buildpacks/npm-install","version":"0.2.4"},{"id":"paketo-buildpacks/npm-start","version":"0.0.3"},{"id":"paketo-buildpacks/procfile","version":"3.0.0","optional":true}]},{"group":[{"id":"paketo-buildpacks/node-engine","version":"0.1.5"},{"id":"paketo-buildpacks/node-start","version":"0.0.9"},{"id":"paketo-buildpacks/procfile","version":"3.0.0","optional":true}]}],"layerDiffID":"sha256:cd640a738beaa2580495595ea08570d1447569eebbc32c9d2d224d2038fe3578","homepage":"https://github.com/paketo-buildpacks/nodejs"}},"paketo-buildpacks/npm-install":{"0.2.4":{"api":"0.2","stacks":[{"id":"org.cloudfoundry.stacks.cflinuxfs3"},{"id":"io.buildpacks.stacks.bionic"}],"layerDiffID":"sha256:a055ff7708e217b5c3f2e890137868611de4d423c628230468ce6fa97023fb53","homepage":"https://github.com/paketo-buildpacks/npm-install"}},"paketo-buildpacks/npm-start":{"0.0.3":{"api":"0.2","stacks":[{"id":"io.buildpacks.stacks.bionic"},{"id":"org.cloudfoundry.stacks.cflinuxfs3"}],"layerDiffID":"sha256:08dd55612e92624f1aa35ffd68c16c3a7276ed2ca74aa957b2d7d6a128c139d0","homepage":"https://github.com/paketo-buildpacks/npm-start"}},"paketo-buildpacks/passenger":{"0.0.13":{"api":"0.2","stacks":[{"id":"org.cloudfoundry.stacks.cflinuxfs3"},{"id":"io.buildpacks.stacks.bionic"}],"layerDiffID":"sha256:5dbcb8f008d1897b0459dfe5964f862036f7394ea788c74ea099fe899fc5d908","homepage":"https://github.com/paketo-buildpacks/passenger"}},"paketo-buildpacks/procfile":{"3.0.0":{"api":"0.4","stacks":[{"id":"io.buildpacks.stacks.bionic"},{"id":"io.paketo.stacks.tiny"},{"id":"org.cloudfoundry.stacks.cflinuxfs3"}],"layerDiffID":"sha256:e6acd75d955c1f916b297215d53136a31350506608ff690b5455c3ec6c37f347","homepage":"https://github.com/paketo-buildpacks/procfile"}},"paketo-buildpacks/puma":{"0.0.55":{"api":"0.2","stacks":[{"id":"org.cloudfoundry.stacks.cflinuxfs3"},{"id":"io.buildpacks.stacks.bionic"}],"layerDiffID":"sha256:49829eb4d0122c167513f482eb32220d77755d10a29fd76078b538e0543e0797","homepage":"https://github.com/paketo-buildpacks/puma"}},"paketo-buildpacks/rackup":{"0.0.51":{"api":"0.2","stacks":[{"id":"io.buildpacks.stacks.bionic"},{"id":"org.cloudfoundry.stacks.cflinuxfs3"}],"layerDiffID":"sha256:e1525d84caa6047958377c600baded92ed43f50270f568238dc51a5e3c252848","homepage":"https://github.com/paketo-buildpacks/rackup"}},"paketo-buildpacks/rails-assets":{"0.1.0":{"api":"0.4","stacks":[{"id":"io.buildpacks.stacks.bionic"}],"layerDiffID":"sha256:19ef91c9a021407900935ae415aa8ca40578defcdc415c6c7b10a2022b47f167","homepage":"https://github.com/paketo-buildpacks/rails-assets"}},"paketo-buildpacks/rake":{"0.0.8":{"api":"0.2","stacks":[{"id":"io.buildpacks.stacks.bionic"},{"id":"org.cloudfoundry.stacks.cflinuxfs3"}],"layerDiffID":"sha256:8e64ce14665cd597deaa2cb1b1e2071a083c68de5be34e06c6ea0840b26cb141","homepage":"https://github.com/paketo-buildpacks/rake"}},"paketo-buildpacks/ruby":{"0.3.1":{"api":"0.2","order":[{"group":[{"id":"paketo-buildpacks/mri","version":"0.1.1"},{"id":"paketo-buildpacks/bundler","version":"0.1.2"},{"id":"paketo-buildpacks/bundle-install","version":"0.1.4"},{"id":"paketo-buildpacks/node-engine","version":"0.1.5","optional":true},{"id":"paketo-buildpacks/yarn","version":"0.1.1","optional":true},{"id":"paketo-buildpacks/yarn-install","version":"0.2.2","optional":true},{"id":"paketo-buildpacks/rails-assets","version":"0.1.0","optional":true},{"id":"paketo-buildpacks/puma","version":"0.0.55"},{"id":"paketo-buildpacks/procfile","version":"3.0.0","optional":true}]},{"group":[{"id":"paketo-buildpacks/mri","version":"0.1.1"},{"id":"paketo-buildpacks/bundler","version":"0.1.2"},{"id":"paketo-buildpacks/bundle-install","version":"0.1.4"},{"id":"paketo-buildpacks/node-engine","version":"0.1.5","optional":true},{"id":"paketo-buildpacks/yarn","version":"0.1.1","optional":true},{"id":"paketo-buildpacks/yarn-install","version":"0.2.2","optional":true},{"id":"paketo-buildpacks/rails-assets","version":"0.1.0","optional":true},{"id":"paketo-buildpacks/thin","version":"0.0.48"},{"id":"paketo-buildpacks/procfile","version":"3.0.0","optional":true}]},{"group":[{"id":"paketo-buildpacks/mri","version":"0.1.1"},{"id":"paketo-buildpacks/bundler","version":"0.1.2"},{"id":"paketo-buildpacks/bundle-install","version":"0.1.4"},{"id":"paketo-buildpacks/node-engine","version":"0.1.5","optional":true},{"id":"paketo-buildpacks/yarn","version":"0.1.1","optional":true},{"id":"paketo-buildpacks/yarn-install","version":"0.2.2","optional":true},{"id":"paketo-buildpacks/rails-assets","version":"0.1.0","optional":true},{"id":"paketo-buildpacks/unicorn","version":"0.0.46"},{"id":"paketo-buildpacks/procfile","version":"3.0.0","optional":true}]},{"group":[{"id":"paketo-buildpacks/mri","version":"0.1.1"},{"id":"paketo-buildpacks/bundler","version":"0.1.2"},{"id":"paketo-buildpacks/bundle-install","version":"0.1.4"},{"id":"paketo-buildpacks/node-engine","version":"0.1.5","optional":true},{"id":"paketo-buildpacks/yarn","version":"0.1.1","optional":true},{"id":"paketo-buildpacks/yarn-install","version":"0.2.2","optional":true},{"id":"paketo-buildpacks/rails-assets","version":"0.1.0","optional":true},{"id":"paketo-buildpacks/passenger","version":"0.0.13"},{"id":"paketo-buildpacks/procfile","version":"3.0.0","optional":true}]},{"group":[{"id":"paketo-buildpacks/mri","version":"0.1.1"},{"id":"paketo-buildpacks/bundler","version":"0.1.2"},{"id":"paketo-buildpacks/bundle-install","version":"0.1.4"},{"id":"paketo-buildpacks/node-engine","version":"0.1.5","optional":true},{"id":"paketo-buildpacks/yarn","version":"0.1.1","optional":true},{"id":"paketo-buildpacks/yarn-install","version":"0.2.2","optional":true},{"id":"paketo-buildpacks/rails-assets","version":"0.1.0","optional":true},{"id":"paketo-buildpacks/rackup","version":"0.0.51"},{"id":"paketo-buildpacks/procfile","version":"3.0.0","optional":true}]},{"group":[{"id":"paketo-buildpacks/mri","version":"0.1.1"},{"id":"paketo-buildpacks/bundler","version":"0.1.2","optional":true},{"id":"paketo-buildpacks/bundle-install","version":"0.1.4","optional":true},{"id":"paketo-buildpacks/rake","version":"0.0.8"},{"id":"paketo-buildpacks/procfile","version":"3.0.0","optional":true}]}],"layerDiffID":"sha256:f0957bbecd1b2c7588286030896664a95f5b3d56e87fed35233df2be2f31897d","homepage":"https://github.com/paketo-buildpacks/ruby"}},"paketo-buildpacks/sbt":{"3.6.0":{"api":"0.4","stacks":[{"id":"io.buildpacks.stacks.bionic"},{"id":"io.paketo.stacks.tiny"},{"id":"org.cloudfoundry.stacks.cflinuxfs3"}],"layerDiffID":"sha256:f3520761bffe3f7c1c1e39e1514f01601d95d647c8aa5442c65e68d0eaf4b2fd","homepage":"https://github.com/paketo-buildpacks/sbt"}},"paketo-buildpacks/spring-boot":{"3.5.0":{"api":"0.4","stacks":[{"id":"io.buildpacks.stacks.bionic"},{"id":"io.paketo.stacks.tiny"},{"id":"org.cloudfoundry.stacks.cflinuxfs3"}],"layerDiffID":"sha256:340cebf49ac5ca87f0114e285e7fee5c436a656096ea4b5f6d05746726befe30","homepage":"https://github.com/paketo-buildpacks/spring-boot"}},"paketo-buildpacks/spring-boot-native-image":{"2.0.1":{"api":"0.4","stacks":[{"id":"io.buildpacks.stacks.bionic"},{"id":"io.paketo.stacks.tiny"},{"id":"org.cloudfoundry.stacks.cflinuxfs3"}],"layerDiffID":"sha256:a10caf560dd9f8433c66c27fdace76fc4b33036258782f279d308862ab257562","homepage":"https://github.com/paketo-buildpacks/spring-boot-native-image"}},"paketo-buildpacks/thin":{"0.0.48":{"api":"0.2","stacks":[{"id":"io.buildpacks.stacks.bionic"},{"id":"org.cloudfoundry.stacks.cflinuxfs3"}],"layerDiffID":"sha256:d65f1208b21787529b4065ca48977a16e7b36cd5181518b85badd10bfbf6632a","homepage":"https://github.com/paketo-buildpacks/thin"}},"paketo-buildpacks/unicorn":{"0.0.46":{"api":"0.2","stacks":[{"id":"io.buildpacks.stacks.bionic"},{"id":"org.cloudfoundry.stacks.cflinuxfs3"}],"layerDiffID":"sha256:a08de5695b6934195321f160afc094d372a6cb8c12bac070b05dd79911fccfb4","homepage":"https://github.com/paketo-buildpacks/unicorn"}},"paketo-buildpacks/yarn":{"0.1.1":{"api":"0.2","stacks":[{"id":"io.buildpacks.stacks.bionic"},{"id":"org.cloudfoundry.stacks.cflinuxfs3"}],"layerDiffID":"sha256:45406d55b1873ebc22159458bc4a0d16b1fecc47adf72284a6e8e618985474a6","homepage":"https://github.com/paketo-buildpacks/yarn"}},"paketo-buildpacks/yarn-install":{"0.2.2":{"api":"0.2","stacks":[{"id":"io.buildpacks.stacks.bionic"},{"id":"org.cloudfoundry.stacks.cflinuxfs3"}],"layerDiffID":"sha256:f6be9720918c24fbe5c523dea2bebedb49858ae8fdbeaacf004cb9734f9ac355","homepage":"https://github.com/paketo-buildpacks/yarn-install"}},"paketo-buildpacks/yarn-start":{"0.0.3":{"api":"0.2","stacks":[{"id":"io.buildpacks.stacks.bionic"},{"id":"org.cloudfoundry.stacks.cflinuxfs3"}],"layerDiffID":"sha256:5827b7b6537454eed9de683d8e7d806c17ff7d880d09c299a4aec61ab5493368","homepage":"https://github.com/paketo-buildpacks/yarn-start"}}}, io.buildpacks.buildpack.order=[{"group":[{"id":"paketo-buildpacks/ruby","version":"0.3.1"}]},{"group":[{"id":"paketo-buildpacks/dotnet-core","version":"0.1.0"}]},{"group":[{"id":"paketo-buildpacks/nodejs","version":"0.0.12"}]},{"group":[{"id":"paketo-buildpacks/go","version":"0.3.1"}]},{"group":[{"id":"paketo-buildpacks/nginx","version":"0.0.196"}]},{"group":[{"id":"paketo-buildpacks/java-native-image","version":"4.7.0"}]},{"group":[{"id":"paketo-buildpacks/java","version":"4.10.0"}]},{"group":[{"id":"paketo-buildpacks/procfile","version":"3.0.0"}]}], io.buildpacks.stack.description=ubuntu:bionic + openssl + CA certs + compilers + shell utilities, io.buildpacks.stack.distro.name=Ubuntu, io.buildpacks.stack.distro.version=18.04, io.buildpacks.stack.homepage=https://github.com/paketo-buildpacks/stacks, io.buildpacks.stack.id=io.buildpacks.stacks.bionic, io.buildpacks.stack.maintainer=Paketo Buildpacks, io.buildpacks.stack.metadata={"base-image": "paketobuildpacks/build@sha256:fa612c2464240025bc2cae1b76c513ac3c70ebf25034b965d1af038f8467c972"}, io.buildpacks.stack.mixins=["adduser","apt","base-files","base-passwd","bash","bsdutils","bzip2","ca-certificates","coreutils","dash","debconf","debianutils","diffutils","dpkg","e2fsprogs","fdisk","findutils","gcc-8-base","gpgv","grep","gzip","hostname","init-system-helpers","libacl1","libapt-pkg5.0","libattr1","libaudit-common","libaudit1","libblkid1","libbz2-1.0","libc-bin","libc6","libcap-ng0","libcom-err2","libdb5.3","libdebconfclient0","libext2fs2","libfdisk1","libffi6","libgcc1","libgcrypt20","libgmp10","libgnutls30","libgpg-error0","libhogweed4","libidn2-0","liblz4-1","liblzma5","libmount1","libncurses5","libncursesw5","libnettle6","libp11-kit0","libpam-modules","libpam-modules-bin","libpam-runtime","libpam0g","libpcre3","libprocps6","libseccomp2","libselinux1","libsemanage-common","libsemanage1","libsepol1","libsmartcols1","libss2","libssl1.1","libstdc++6","libsystemd0","libtasn1-6","libtinfo5","libudev1","libunistring2","libuuid1","libyaml-0-2","libzstd1","locales","login","lsb-base","mawk","mount","ncurses-base","ncurses-bin","openssl","passwd","perl-base","procps","sed","sensible-utils","sysvinit-utils","tar","tzdata","ubuntu-keyring","util-linux","zlib1g","build:binutils","build:binutils-common","build:binutils-x86-64-linux-gnu","build:build-essential","build:cpp","build:cpp-7","build:curl","build:dpkg-dev","build:g++","build:g++-7","build:gcc","build:gcc-7","build:gcc-7-base","build:git","build:git-man","build:jq","build:libasan4","build:libasn1-8-heimdal","build:libatomic1","build:libbinutils","build:libc-dev-bin","build:libc6-dev","build:libcc1-0","build:libcilkrts5","build:libcurl3-gnutls","build:libcurl4","build:libdpkg-perl","build:liberror-perl","build:libexpat1","build:libgcc-7-dev","build:libgdbm-compat4","build:libgdbm5","build:libgmp-dev","build:libgmpxx4ldbl","build:libgomp1","build:libgssapi-krb5-2","build:libgssapi3-heimdal","build:libhcrypto4-heimdal","build:libheimbase1-heimdal","build:libheimntlm0-heimdal","build:libhx509-5-heimdal","build:libisl19","build:libitm1","build:libjq1","build:libk5crypto3","build:libkeyutils1","build:libkrb5-26-heimdal","build:libkrb5-3","build:libkrb5support0","build:libldap-2.4-2","build:libldap-common","build:liblsan0","build:libmpc3","build:libmpfr6","build:libmpx2","build:libnghttp2-14","build:libonig4","build:libperl5.26","build:libpsl5","build:libquadmath0","build:libroken18-heimdal","build:librtmp1","build:libsasl2-2","build:libsasl2-modules-db","build:libsqlite3-0","build:libstdc++-7-dev","build:libtsan0","build:libubsan0","build:libwind0-heimdal","build:linux-libc-dev","build:make","build:patch","build:perl","build:perl-modules-5.26","build:xz-utils","build:zlib1g-dev"], io.buildpacks.stack.released=2021-01-31}, containers=-1)
00:35:31.009 [Test worker] DEBUG org.testcontainers.images.AbstractImagePullPolicy - Using locally available and not pulling image: postgres:13
00:35:31.009 [Test worker] DEBUG docker[postgres:13] - Starting container: postgres:13
00:35:31.010 [Test worker] DEBUG docker[postgres:13] - Trying to start container: postgres:13 (attempt 1/1)
00:35:31.010 [Test worker] DEBUG docker[postgres:13] - Starting container: postgres:13
00:35:31.010 [Test worker] INFO docker[postgres:13] - Creating container for image: postgres:13
00:35:31.010 [Test worker] DEBUG org.testcontainers.utility.RegistryAuthLocator - Looking up auth config for image: postgres:13 at registry: index.docker.io
00:35:31.010 [Test worker] DEBUG org.testcontainers.utility.RegistryAuthLocator - Cached auth found: [AuthConfig{username=chungha, password=hidden non-blank value, auth=blank, email=null, registryAddress=index.docker.io, registryToken=blank}]
00:35:31.010 [Test worker] DEBUG org.testcontainers.dockerclient.AuthDelegatingDockerClientConfig - Effective auth config [AuthConfig{username=chungha, password=hidden non-blank value, auth=blank, email=null, registryAddress=index.docker.io, registryToken=blank}]
00:35:31.014 [Test worker] DEBUG org.testcontainers.shaded.com.github.dockerjava.core.command.AbstrDockerCmd - Cmd: org.testcontainers.shaded.com.github.dockerjava.core.command.CreateContainerCmdImpl@18f16729[name=<null>,hostName=<null>,domainName=<null>,user=<null>,attachStdin=<null>,attachStdout=<null>,attachStderr=<null>,portSpecs=<null>,tty=<null>,stdinOpen=<null>,stdInOnce=<null>,env={POSTGRES_USER=test,POSTGRES_PASSWORD=test,POSTGRES_DB=test},cmd={postgres,-c,fsync=off},healthcheck=<null>,argsEscaped=<null>,entrypoint=<null>,image=postgres:13,volumes=com.github.dockerjava.api.model.Volumes@1b406d85,workingDir=<null>,macAddress=<null>,onBuild=<null>,networkDisabled=<null>,exposedPorts=com.github.dockerjava.api.model.ExposedPorts@4a4b87c3,stopSignal=<null>,stopTimeout=<null>,hostConfig=HostConfig(binds=[], blkioWeight=null, blkioWeightDevice=null, blkioDeviceReadBps=null, blkioDeviceWriteBps=null, blkioDeviceReadIOps=null, blkioDeviceWriteIOps=null, memorySwappiness=null, nanoCPUs=null, capAdd=null, capDrop=null, containerIDFile=null, cpuPeriod=null, cpuRealtimePeriod=null, cpuRealtimeRuntime=null, cpuShares=null, cpuQuota=null, cpusetCpus=null, cpusetMems=null, devices=null, deviceCgroupRules=null, deviceRequests=null, diskQuota=null, dns=null, dnsOptions=null, dnsSearch=null, extraHosts=[], groupAdd=null, ipcMode=null, cgroup=null, links=[], logConfig=LogConfig(type=null, config=null), lxcConf=null, memory=null, memorySwap=null, memoryReservation=null, kernelMemory=null, networkMode=null, oomKillDisable=null, init=null, autoRemove=null, oomScoreAdj=null, portBindings={}, privileged=null, publishAllPorts=true, readonlyRootfs=null, restartPolicy=null, ulimits=null, cpuCount=null, cpuPercent=null, ioMaximumIOps=null, ioMaximumBandwidth=null, volumesFrom=[], mounts=null, pidMode=null, isolation=null, securityOpts=null, storageOpt=null, cgroupParent=null, volumeDriver=null, shmSize=null, pidsLimit=null, runtime=null, tmpFs=null, utSMode=null, usernsMode=null, sysctls=null, consoleSize=null),labels={org.testcontainers=true, org.testcontainers.sessionId=c4a12bae-c7bc-4c78-8abb-5a09db7e207f},shell=<null>,networkingConfig=<null>,ipv4Address=<null>,ipv6Address=<null>,aliases=<null>,authConfig=AuthConfig(username=chungha, email=null, registryAddress=index.docker.io, stackOrchestrator=null)]
00:35:31.085 [Test worker] INFO docker[postgres:13] - Starting container with ID: f0cabebca988f087b9dc6fcc79191083bfc40db3662b4b7b3266e30f5ed12767
00:35:31.085 [Test worker] DEBUG org.testcontainers.shaded.com.github.dockerjava.core.command.AbstrDockerCmd - Cmd: f0cabebca988f087b9dc6fcc79191083bfc40db3662b4b7b3266e30f5ed12767
00:35:31.372 [Test worker] INFO docker[postgres:13] - Container postgres:13 is starting: f0cabebca988f087b9dc6fcc79191083bfc40db3662b4b7b3266e30f5ed12767
00:35:31.386 [Test worker] DEBUG org.testcontainers.shaded.com.github.dockerjava.core.command.AbstrDockerCmd - Cmd: f0cabebca988f087b9dc6fcc79191083bfc40db3662b4b7b3266e30f5ed12767,false
00:35:31.386 [Test worker] DEBUG org.testcontainers.shaded.com.github.dockerjava.core.exec.InspectContainerCmdExec - GET: DefaultWebTarget{path=[/containers/f0cabebca988f087b9dc6fcc79191083bfc40db3662b4b7b3266e30f5ed12767/json], queryParams={}}
00:35:31.391 [ducttape-0] DEBUG org.testcontainers.shaded.com.github.dockerjava.core.command.AbstrDockerCmd - Cmd: f0cabebca988f087b9dc6fcc79191083bfc40db3662b4b7b3266e30f5ed12767,false
00:35:31.392 [ducttape-0] DEBUG org.testcontainers.shaded.com.github.dockerjava.core.exec.InspectContainerCmdExec - GET: DefaultWebTarget{path=[/containers/f0cabebca988f087b9dc6fcc79191083bfc40db3662b4b7b3266e30f5ed12767/json], queryParams={}}
00:35:31.404 [Test worker] DEBUG org.testcontainers.containers.output.WaitingConsumer - STDOUT: Data page checksums are disabled.
00:35:31.404 [Test worker] DEBUG org.testcontainers.containers.output.WaitingConsumer - STDOUT: selecting dynamic shared memory implementation ... posix
00:35:31.404 [Test worker] DEBUG org.testcontainers.containers.output.WaitingConsumer - STDOUT: creating subdirectories ... ok
00:35:31.404 [Test worker] DEBUG org.testcontainers.containers.output.WaitingConsumer - STDOUT: fixing permissions on existing directory /var/lib/postgresql/data ... ok
00:35:31.404 [Test worker] DEBUG org.testcontainers.containers.output.WaitingConsumer - STDOUT: 
00:35:31.405 [Test worker] DEBUG org.testcontainers.containers.output.WaitingConsumer - STDOUT: 
00:35:31.405 [Test worker] DEBUG org.testcontainers.containers.output.WaitingConsumer - STDOUT: The default text search configuration will be set to "english".
00:35:31.405 [Test worker] DEBUG org.testcontainers.containers.output.WaitingConsumer - STDOUT: The default database encoding has accordingly been set to "UTF8".
00:35:31.405 [Test worker] DEBUG org.testcontainers.containers.output.WaitingConsumer - STDOUT: The database cluster will be initialized with locale "en_US.utf8".
00:35:31.405 [Test worker] DEBUG org.testcontainers.containers.output.WaitingConsumer - STDOUT: 
00:35:31.405 [Test worker] DEBUG org.testcontainers.containers.output.WaitingConsumer - STDOUT: This user must also own the server process.
00:35:31.405 [Test worker] DEBUG org.testcontainers.containers.output.WaitingConsumer - STDOUT: The files belonging to this database system will be owned by user "postgres".
00:35:31.416 [Test worker] DEBUG org.testcontainers.containers.output.WaitingConsumer - STDOUT: selecting default max_connections ... 100
00:35:31.430 [Test worker] DEBUG org.testcontainers.containers.output.WaitingConsumer - STDOUT: selecting default shared_buffers ... 128MB
00:35:31.446 [Test worker] DEBUG org.testcontainers.containers.output.WaitingConsumer - STDOUT: selecting default time zone ... Etc/UTC
00:35:31.456 [Test worker] DEBUG org.testcontainers.containers.output.WaitingConsumer - STDOUT: creating configuration files ... ok
00:35:31.551 [Test worker] DEBUG org.testcontainers.containers.output.WaitingConsumer - STDOUT: running bootstrap script ... ok
00:35:31.903 [Test worker] DEBUG org.testcontainers.containers.output.WaitingConsumer - STDOUT: performing post-bootstrap initialization ... ok
00:35:32.230 [Test worker] DEBUG org.testcontainers.containers.output.WaitingConsumer - STDOUT: syncing data to disk ... ok
00:35:32.230 [Test worker] DEBUG org.testcontainers.containers.output.WaitingConsumer - STDERR: --auth-local and --auth-host, the next time you run initdb.
00:35:32.230 [Test worker] DEBUG org.testcontainers.containers.output.WaitingConsumer - STDERR: You can change this by editing pg_hba.conf or using the option -A, or
00:35:32.230 [Test worker] DEBUG org.testcontainers.containers.output.WaitingConsumer - STDERR: initdb: warning: enabling "trust" authentication for local connections
00:35:32.230 [Test worker] DEBUG org.testcontainers.containers.output.WaitingConsumer - STDOUT: 
00:35:32.230 [Test worker] DEBUG org.testcontainers.containers.output.WaitingConsumer - STDOUT:     pg_ctl -D /var/lib/postgresql/data -l logfile start
00:35:32.230 [Test worker] DEBUG org.testcontainers.containers.output.WaitingConsumer - STDOUT: 
00:35:32.230 [Test worker] DEBUG org.testcontainers.containers.output.WaitingConsumer - STDOUT: Success. You can now start the database server using:
00:35:32.231 [Test worker] DEBUG org.testcontainers.containers.output.WaitingConsumer - STDOUT: 
00:35:32.231 [Test worker] DEBUG org.testcontainers.containers.output.WaitingConsumer - STDOUT: 
00:35:32.261 [Test worker] DEBUG org.testcontainers.containers.output.WaitingConsumer - STDOUT: waiting for server to start....2021-04-30 04:35:32.257 UTC [46] LOG:  starting PostgreSQL 13.1 (Debian 13.1-1.pgdg100+1) on x86_64-pc-linux-gnu, compiled by gcc (Debian 8.3.0-6) 8.3.0, 64-bit
00:35:32.271 [Test worker] DEBUG org.testcontainers.containers.output.WaitingConsumer - STDOUT: 2021-04-30 04:35:32.262 UTC [46] LOG:  database system is ready to accept connections
00:35:32.271 [Test worker] DEBUG org.testcontainers.containers.output.WaitingConsumer - STDOUT: 2021-04-30 04:35:32.260 UTC [47] LOG:  database system was shut down at 2021-04-30 04:35:31 UTC
00:35:32.271 [Test worker] DEBUG org.testcontainers.containers.output.WaitingConsumer - STDOUT: 2021-04-30 04:35:32.258 UTC [46] LOG:  listening on Unix socket "/var/run/postgresql/.s.PGSQL.5432"
00:35:32.342 [Test worker] DEBUG org.testcontainers.containers.output.WaitingConsumer - STDOUT: server started
00:35:32.343 [Test worker] DEBUG org.testcontainers.containers.output.WaitingConsumer - STDOUT:  done
00:35:32.394 [Test worker] DEBUG org.testcontainers.containers.output.WaitingConsumer - STDOUT: CREATE DATABASE
00:35:32.404 [Test worker] DEBUG org.testcontainers.containers.output.WaitingConsumer - STDOUT: 2021-04-30 04:35:32.399 UTC [48] LOG:  shutting down
00:35:32.404 [Test worker] DEBUG org.testcontainers.containers.output.WaitingConsumer - STDOUT: 2021-04-30 04:35:32.403 UTC [46] LOG:  database system is shut down
00:35:32.404 [Test worker] DEBUG org.testcontainers.containers.output.WaitingConsumer - STDOUT: 2021-04-30 04:35:32.398 UTC [46] LOG:  background worker "logical replication launcher" (PID 53) exited with exit code 1
00:35:32.404 [Test worker] DEBUG org.testcontainers.containers.output.WaitingConsumer - STDOUT: 2021-04-30 04:35:32.395 UTC [46] LOG:  aborting any active transactions
00:35:32.404 [Test worker] DEBUG org.testcontainers.containers.output.WaitingConsumer - STDOUT: 2021-04-30 04:35:32.395 UTC [46] LOG:  received fast shutdown request
00:35:32.405 [Test worker] DEBUG org.testcontainers.containers.output.WaitingConsumer - STDOUT: 
00:35:32.405 [Test worker] DEBUG org.testcontainers.containers.output.WaitingConsumer - STDOUT: /usr/local/bin/docker-entrypoint.sh: ignoring /docker-entrypoint-initdb.d/*
00:35:32.405 [Test worker] DEBUG org.testcontainers.containers.output.WaitingConsumer - STDOUT: 
00:35:32.405 [Test worker] DEBUG org.testcontainers.containers.output.WaitingConsumer - STDOUT: 
00:35:32.415 [Test worker] DEBUG org.testcontainers.containers.output.WaitingConsumer - STDOUT: server stopped
00:35:32.415 [Test worker] DEBUG org.testcontainers.containers.output.WaitingConsumer - STDOUT: waiting for server to shut down... done
00:35:32.446 [Test worker] DEBUG org.testcontainers.containers.output.WaitingConsumer - STDOUT: 
00:35:32.447 [Test worker] DEBUG org.testcontainers.containers.output.WaitingConsumer - STDERR: 2021-04-30 04:35:32.417 UTC [1] LOG:  listening on IPv6 address "::", port 5432
00:35:32.447 [Test worker] DEBUG org.testcontainers.containers.output.WaitingConsumer - STDERR: 2021-04-30 04:35:32.420 UTC [1] LOG:  database system is ready to accept connections
00:35:32.448 [Test worker] INFO docker[postgres:13] - Container postgres:13 started in PT1.5408856S
00:35:32.455 [Test worker] DEBUG org.springframework.test.context.support.DependencyInjectionTestExecutionListener - Performing dependency injection for test context [[DefaultTestContext@32bd6983 testClass = OrderRepositoryR2dbcTests, testInstance = com.polarbookshop.orderservice.order.domain.OrderRepositoryR2dbcTests@46f3849, testMethod = [null], testException = [null], mergedContextConfiguration = [MergedContextConfiguration@38686295 testClass = OrderRepositoryR2dbcTests, locations = '{}', classes = '{class com.polarbookshop.orderservice.OrderServiceApplication}', contextInitializerClasses = '[]', activeProfiles = '{}', propertySourceLocations = '{}', propertySourceProperties = '{org.springframework.boot.test.autoconfigure.data.r2dbc.DataR2dbcTestContextBootstrapper=true}', contextCustomizers = set[org.springframework.boot.test.autoconfigure.OverrideAutoConfigurationContextCustomizerFactory$DisableAutoConfigurationContextCustomizer@31e9f56e, org.springframework.boot.test.autoconfigure.actuate.metrics.MetricsExportContextCustomizerFactory$DisableMetricExportContextCustomizer@a9135d9, org.springframework.boot.test.autoconfigure.filter.TypeExcludeFiltersContextCustomizer@351584c0, org.springframework.boot.test.autoconfigure.properties.PropertyMappingContextCustomizer@0, org.springframework.boot.test.autoconfigure.web.servlet.WebDriverContextCustomizerFactory$Customizer@3233dc79, [ImportsContextCustomizer@54a75b60 key = [org.springframework.boot.autoconfigure.data.r2dbc.R2dbcRepositoriesAutoConfiguration, org.springframework.boot.autoconfigure.data.r2dbc.R2dbcDataAutoConfiguration, org.springframework.boot.autoconfigure.flyway.FlywayAutoConfiguration, org.springframework.boot.autoconfigure.liquibase.LiquibaseAutoConfiguration, org.springframework.boot.autoconfigure.r2dbc.R2dbcAutoConfiguration, org.springframework.boot.autoconfigure.r2dbc.R2dbcTransactionManagerAutoConfiguration, org.springframework.boot.autoconfigure.transaction.TransactionAutoConfiguration, com.polarbookshop.orderservice.order.persistence.DataConfig]], org.springframework.boot.test.context.filter.ExcludeFilterContextCustomizer@2a5463d6, org.springframework.boot.test.json.DuplicateJsonObjectContextCustomizerFactory$DuplicateJsonObjectContextCustomizer@abe9465, org.springframework.boot.test.mock.mockito.MockitoContextCustomizer@0, org.springframework.test.context.support.DynamicPropertiesContextCustomizer@96d94174, org.springframework.boot.test.context.SpringBootTestArgs@1, org.springframework.boot.test.context.SpringBootTestWebEnvironment@0], contextLoader = 'org.springframework.boot.test.context.SpringBootContextLoader', parent = [null]], attributes = map['org.springframework.test.context.event.ApplicationEventsTestExecutionListener.recordApplicationEvents' -> false]]].
00:35:32.481 [Test worker] DEBUG org.springframework.test.context.support.TestPropertySourceUtils - Adding inlined properties to environment: {spring.jmx.enabled=false, org.springframework.boot.test.autoconfigure.data.r2dbc.DataR2dbcTestContextBootstrapper=true}

  .   ____          _            __ _ _
 /\\ / ___'_ __ _ _(_)_ __  __ _ \ \ \ \
( ( )\___ | '_ | '_| | '_ \/ _` | \ \ \ \
 \\/  ___)| |_)| | | | | || (_| |  ) ) ) )
  '  |____| .__|_| |_|_| |_\__, | / / / /
 =========|_|==============|___/=/_/_/_/
 :: Spring Boot ::                (v2.4.5)

2021-04-30 00:35:32.882  INFO 32080 --- [    Test worker] c.p.o.o.d.OrderRepositoryR2dbcTests      : Starting OrderRepositoryR2dbcTests using Java 11.0.11 on DESKTOP-F6VKB7S with PID 32080 (started by Chung2 in C:\Users\Chung2\java\CloudNativeSpringInAction\order-service)
2021-04-30 00:35:32.885  INFO 32080 --- [    Test worker] c.p.o.o.d.OrderRepositoryR2dbcTests      : No active profile set, falling back to default profiles: default
2021-04-30 00:35:33.240  INFO 32080 --- [    Test worker] .s.d.r.c.RepositoryConfigurationDelegate : Bootstrapping Spring Data R2DBC repositories in DEFAULT mode.
2021-04-30 00:35:33.288  INFO 32080 --- [    Test worker] .s.d.r.c.RepositoryConfigurationDelegate : Finished Spring Data repository scanning in 42 ms. Found 1 R2DBC repository interfaces.
2021-04-30 00:35:34.026  INFO 32080 --- [    Test worker] o.f.c.internal.license.VersionPrinter    : Flyway Community Edition 7.1.1 by Redgate
2021-04-30 00:35:34.117  INFO 32080 --- [    Test worker] o.f.c.i.database.base.DatabaseType       : Database: jdbc:postgresql://localhost:55019/test (PostgreSQL 13.1)
2021-04-30 00:35:34.167  INFO 32080 --- [    Test worker] o.f.core.internal.command.DbValidate     : Successfully validated 1 migration (execution time 00:00.024s)
2021-04-30 00:35:34.179  INFO 32080 --- [    Test worker] o.f.c.i.s.JdbcTableSchemaHistory         : Creating Schema History table "public"."flyway_schema_history" ...
2021-04-30 00:35:34.212  INFO 32080 --- [    Test worker] o.f.core.internal.command.DbMigrate      : Current version of schema "public": << Empty Schema >>
2021-04-30 00:35:34.217  INFO 32080 --- [    Test worker] o.f.core.internal.command.DbMigrate      : Migrating schema "public" to version "1 - Initial schema"
2021-04-30 00:35:34.246  INFO 32080 --- [    Test worker] o.f.core.internal.command.DbMigrate      : Successfully applied 1 migration to schema "public" (execution time 00:00.044s)
2021-04-30 00:35:34.281  INFO 32080 --- [    Test worker] c.p.o.o.d.OrderRepositoryR2dbcTests      : Started OrderRepositoryR2dbcTests in 1.798 seconds (JVM running for 8.141)
]]></system-out>
  <system-err><![CDATA[]]></system-err>
</testsuite>
