<?xml version="1.0" encoding="UTF-8"?>
<testsuite name="com.polarbookshop.orderservice.book.BookClientTests" tests="1" skipped="0" failures="0" errors="0" timestamp="2021-04-30T04:35:27" hostname="DESKTOP-F6VKB7S" time="2.123">
  <properties/>
  <testcase name="whenBookExistsThenReturnBook()" classname="com.polarbookshop.orderservice.book.BookClientTests" time="2.123"/>
  <system-out><![CDATA[bookClientProperties.getCatalogServiceUrl().toString(): http://kubernetes.docker.internal:60896/
00:35:27.472 [Test worker] DEBUG reactor.util.Loggers - Using Slf4j logging framework
00:35:27.511 [Test worker] DEBUG io.netty.util.internal.logging.InternalLoggerFactory - Using SLF4J as the default logging framework
00:35:27.512 [Test worker] DEBUG io.netty.util.internal.PlatformDependent - Platform: Windows
00:35:27.514 [Test worker] DEBUG io.netty.util.internal.PlatformDependent0 - -Dio.netty.noUnsafe: false
00:35:27.515 [Test worker] DEBUG io.netty.util.internal.PlatformDependent0 - Java version: 11
00:35:27.516 [Test worker] DEBUG io.netty.util.internal.PlatformDependent0 - sun.misc.Unsafe.theUnsafe: available
00:35:27.517 [Test worker] DEBUG io.netty.util.internal.PlatformDependent0 - sun.misc.Unsafe.copyMemory: available
00:35:27.518 [Test worker] DEBUG io.netty.util.internal.PlatformDependent0 - java.nio.Buffer.address: available
00:35:27.520 [Test worker] DEBUG io.netty.util.internal.PlatformDependent0 - direct buffer constructor: unavailable
java.lang.UnsupportedOperationException: Reflective setAccessible(true) disabled
	at io.netty.util.internal.ReflectionUtil.trySetAccessible(ReflectionUtil.java:31)
	at io.netty.util.internal.PlatformDependent0$4.run(PlatformDependent0.java:239)
	at java.base/java.security.AccessController.doPrivileged(Native Method)
	at io.netty.util.internal.PlatformDependent0.<clinit>(PlatformDependent0.java:233)
	at io.netty.util.internal.PlatformDependent.isAndroid(PlatformDependent.java:294)
	at io.netty.util.internal.PlatformDependent.<clinit>(PlatformDependent.java:93)
	at io.netty.util.AsciiString.<init>(AsciiString.java:223)
	at io.netty.util.AsciiString.<init>(AsciiString.java:210)
	at io.netty.util.AsciiString.cached(AsciiString.java:1401)
	at io.netty.util.AsciiString.<clinit>(AsciiString.java:48)
	at reactor.netty.http.client.HttpClientConnect.<clinit>(HttpClientConnect.java:652)
	at reactor.netty.http.client.HttpClient.create(HttpClient.java:391)
	at org.springframework.http.client.reactive.ReactorClientHttpConnector.<init>(ReactorClientHttpConnector.java:56)
	at org.springframework.web.reactive.function.client.DefaultWebClientBuilder.initConnector(DefaultWebClientBuilder.java:289)
	at org.springframework.web.reactive.function.client.DefaultWebClientBuilder.build(DefaultWebClientBuilder.java:266)
	at com.polarbookshop.orderservice.book.BookClient.<init>(BookClient.java:22)
	at com.polarbookshop.orderservice.book.BookClientTests.setup(BookClientTests.java:25)
	at java.base/jdk.internal.reflect.NativeMethodAccessorImpl.invoke0(Native Method)
	at java.base/jdk.internal.reflect.NativeMethodAccessorImpl.invoke(NativeMethodAccessorImpl.java:62)
	at java.base/jdk.internal.reflect.DelegatingMethodAccessorImpl.invoke(DelegatingMethodAccessorImpl.java:43)
	at java.base/java.lang.reflect.Method.invoke(Method.java:566)
	at org.junit.platform.commons.util.ReflectionUtils.invokeMethod(ReflectionUtils.java:688)
	at org.junit.jupiter.engine.execution.MethodInvocation.proceed(MethodInvocation.java:60)
	at org.junit.jupiter.engine.execution.InvocationInterceptorChain$ValidatingInvocation.proceed(InvocationInterceptorChain.java:131)
	at org.junit.jupiter.engine.extension.TimeoutExtension.intercept(TimeoutExtension.java:149)
	at org.junit.jupiter.engine.extension.TimeoutExtension.interceptLifecycleMethod(TimeoutExtension.java:126)
	at org.junit.jupiter.engine.extension.TimeoutExtension.interceptBeforeEachMethod(TimeoutExtension.java:76)
	at org.junit.jupiter.engine.execution.ExecutableInvoker$ReflectiveInterceptorCall.lambda$ofVoidMethod$0(ExecutableInvoker.java:115)
	at org.junit.jupiter.engine.execution.ExecutableInvoker.lambda$invoke$0(ExecutableInvoker.java:105)
	at org.junit.jupiter.engine.execution.InvocationInterceptorChain$InterceptedInvocation.proceed(InvocationInterceptorChain.java:106)
	at org.junit.jupiter.engine.execution.InvocationInterceptorChain.proceed(InvocationInterceptorChain.java:64)
	at org.junit.jupiter.engine.execution.InvocationInterceptorChain.chainAndInvoke(InvocationInterceptorChain.java:45)
	at org.junit.jupiter.engine.execution.InvocationInterceptorChain.invoke(InvocationInterceptorChain.java:37)
	at org.junit.jupiter.engine.execution.ExecutableInvoker.invoke(ExecutableInvoker.java:104)
	at org.junit.jupiter.engine.execution.ExecutableInvoker.invoke(ExecutableInvoker.java:98)
	at org.junit.jupiter.engine.descriptor.ClassBasedTestDescriptor.invokeMethodInExtensionContext(ClassBasedTestDescriptor.java:490)
	at org.junit.jupiter.engine.descriptor.ClassBasedTestDescriptor.lambda$synthesizeBeforeEachMethodAdapter$19(ClassBasedTestDescriptor.java:475)
	at org.junit.jupiter.engine.descriptor.TestMethodTestDescriptor.lambda$invokeBeforeEachMethods$2(TestMethodTestDescriptor.java:167)
	at org.junit.jupiter.engine.descriptor.TestMethodTestDescriptor.lambda$invokeBeforeMethodsOrCallbacksUntilExceptionOccurs$5(TestMethodTestDescriptor.java:195)
	at org.junit.platform.engine.support.hierarchical.ThrowableCollector.execute(ThrowableCollector.java:73)
	at org.junit.jupiter.engine.descriptor.TestMethodTestDescriptor.invokeBeforeMethodsOrCallbacksUntilExceptionOccurs(TestMethodTestDescriptor.java:195)
	at org.junit.jupiter.engine.descriptor.TestMethodTestDescriptor.invokeBeforeEachMethods(TestMethodTestDescriptor.java:164)
	at org.junit.jupiter.engine.descriptor.TestMethodTestDescriptor.execute(TestMethodTestDescriptor.java:127)
	at org.junit.jupiter.engine.descriptor.TestMethodTestDescriptor.execute(TestMethodTestDescriptor.java:65)
	at org.junit.platform.engine.support.hierarchical.NodeTestTask.lambda$executeRecursively$5(NodeTestTask.java:139)
	at org.junit.platform.engine.support.hierarchical.ThrowableCollector.execute(ThrowableCollector.java:73)
	at org.junit.platform.engine.support.hierarchical.NodeTestTask.lambda$executeRecursively$7(NodeTestTask.java:129)
	at org.junit.platform.engine.support.hierarchical.Node.around(Node.java:137)
	at org.junit.platform.engine.support.hierarchical.NodeTestTask.lambda$executeRecursively$8(NodeTestTask.java:127)
	at org.junit.platform.engine.support.hierarchical.ThrowableCollector.execute(ThrowableCollector.java:73)
	at org.junit.platform.engine.support.hierarchical.NodeTestTask.executeRecursively(NodeTestTask.java:126)
	at org.junit.platform.engine.support.hierarchical.NodeTestTask.execute(NodeTestTask.java:84)
	at java.base/java.util.ArrayList.forEach(ArrayList.java:1541)
	at org.junit.platform.engine.support.hierarchical.SameThreadHierarchicalTestExecutorService.invokeAll(SameThreadHierarchicalTestExecutorService.java:38)
	at org.junit.platform.engine.support.hierarchical.NodeTestTask.lambda$executeRecursively$5(NodeTestTask.java:143)
	at org.junit.platform.engine.support.hierarchical.ThrowableCollector.execute(ThrowableCollector.java:73)
	at org.junit.platform.engine.support.hierarchical.NodeTestTask.lambda$executeRecursively$7(NodeTestTask.java:129)
	at org.junit.platform.engine.support.hierarchical.Node.around(Node.java:137)
	at org.junit.platform.engine.support.hierarchical.NodeTestTask.lambda$executeRecursively$8(NodeTestTask.java:127)
	at org.junit.platform.engine.support.hierarchical.ThrowableCollector.execute(ThrowableCollector.java:73)
	at org.junit.platform.engine.support.hierarchical.NodeTestTask.executeRecursively(NodeTestTask.java:126)
	at org.junit.platform.engine.support.hierarchical.NodeTestTask.execute(NodeTestTask.java:84)
	at java.base/java.util.ArrayList.forEach(ArrayList.java:1541)
	at org.junit.platform.engine.support.hierarchical.SameThreadHierarchicalTestExecutorService.invokeAll(SameThreadHierarchicalTestExecutorService.java:38)
	at org.junit.platform.engine.support.hierarchical.NodeTestTask.lambda$executeRecursively$5(NodeTestTask.java:143)
	at org.junit.platform.engine.support.hierarchical.ThrowableCollector.execute(ThrowableCollector.java:73)
	at org.junit.platform.engine.support.hierarchical.NodeTestTask.lambda$executeRecursively$7(NodeTestTask.java:129)
	at org.junit.platform.engine.support.hierarchical.Node.around(Node.java:137)
	at org.junit.platform.engine.support.hierarchical.NodeTestTask.lambda$executeRecursively$8(NodeTestTask.java:127)
	at org.junit.platform.engine.support.hierarchical.ThrowableCollector.execute(ThrowableCollector.java:73)
	at org.junit.platform.engine.support.hierarchical.NodeTestTask.executeRecursively(NodeTestTask.java:126)
	at org.junit.platform.engine.support.hierarchical.NodeTestTask.execute(NodeTestTask.java:84)
	at org.junit.platform.engine.support.hierarchical.SameThreadHierarchicalTestExecutorService.submit(SameThreadHierarchicalTestExecutorService.java:32)
	at org.junit.platform.engine.support.hierarchical.HierarchicalTestExecutor.execute(HierarchicalTestExecutor.java:57)
	at org.junit.platform.engine.support.hierarchical.HierarchicalTestEngine.execute(HierarchicalTestEngine.java:51)
	at org.junit.platform.launcher.core.EngineExecutionOrchestrator.execute(EngineExecutionOrchestrator.java:108)
	at org.junit.platform.launcher.core.EngineExecutionOrchestrator.execute(EngineExecutionOrchestrator.java:88)
	at org.junit.platform.launcher.core.EngineExecutionOrchestrator.lambda$execute$0(EngineExecutionOrchestrator.java:54)
	at org.junit.platform.launcher.core.EngineExecutionOrchestrator.withInterceptedStreams(EngineExecutionOrchestrator.java:67)
	at org.junit.platform.launcher.core.EngineExecutionOrchestrator.execute(EngineExecutionOrchestrator.java:52)
	at org.junit.platform.launcher.core.DefaultLauncher.execute(DefaultLauncher.java:96)
	at org.junit.platform.launcher.core.DefaultLauncher.execute(DefaultLauncher.java:75)
	at org.gradle.api.internal.tasks.testing.junitplatform.JUnitPlatformTestClassProcessor$CollectAllTestClassesExecutor.processAllTestClasses(JUnitPlatformTestClassProcessor.java:99)
	at org.gradle.api.internal.tasks.testing.junitplatform.JUnitPlatformTestClassProcessor$CollectAllTestClassesExecutor.access$000(JUnitPlatformTestClassProcessor.java:79)
	at org.gradle.api.internal.tasks.testing.junitplatform.JUnitPlatformTestClassProcessor.stop(JUnitPlatformTestClassProcessor.java:75)
	at org.gradle.api.internal.tasks.testing.SuiteTestClassProcessor.stop(SuiteTestClassProcessor.java:61)
	at java.base/jdk.internal.reflect.NativeMethodAccessorImpl.invoke0(Native Method)
	at java.base/jdk.internal.reflect.NativeMethodAccessorImpl.invoke(NativeMethodAccessorImpl.java:62)
	at java.base/jdk.internal.reflect.DelegatingMethodAccessorImpl.invoke(DelegatingMethodAccessorImpl.java:43)
	at java.base/java.lang.reflect.Method.invoke(Method.java:566)
	at org.gradle.internal.dispatch.ReflectionDispatch.dispatch(ReflectionDispatch.java:36)
	at org.gradle.internal.dispatch.ReflectionDispatch.dispatch(ReflectionDispatch.java:24)
	at org.gradle.internal.dispatch.ContextClassLoaderDispatch.dispatch(ContextClassLoaderDispatch.java:33)
	at org.gradle.internal.dispatch.ProxyDispatchAdapter$DispatchingInvocationHandler.invoke(ProxyDispatchAdapter.java:94)
	at com.sun.proxy.$Proxy2.stop(Unknown Source)
	at org.gradle.api.internal.tasks.testing.worker.TestWorker.stop(TestWorker.java:133)
	at java.base/jdk.internal.reflect.NativeMethodAccessorImpl.invoke0(Native Method)
	at java.base/jdk.internal.reflect.NativeMethodAccessorImpl.invoke(NativeMethodAccessorImpl.java:62)
	at java.base/jdk.internal.reflect.DelegatingMethodAccessorImpl.invoke(DelegatingMethodAccessorImpl.java:43)
	at java.base/java.lang.reflect.Method.invoke(Method.java:566)
	at org.gradle.internal.dispatch.ReflectionDispatch.dispatch(ReflectionDispatch.java:36)
	at org.gradle.internal.dispatch.ReflectionDispatch.dispatch(ReflectionDispatch.java:24)
	at org.gradle.internal.remote.internal.hub.MessageHubBackedObjectConnection$DispatchWrapper.dispatch(MessageHubBackedObjectConnection.java:182)
	at org.gradle.internal.remote.internal.hub.MessageHubBackedObjectConnection$DispatchWrapper.dispatch(MessageHubBackedObjectConnection.java:164)
	at org.gradle.internal.remote.internal.hub.MessageHub$Handler.run(MessageHub.java:414)
	at org.gradle.internal.concurrent.ExecutorPolicy$CatchAndRecordFailures.onExecute(ExecutorPolicy.java:64)
	at org.gradle.internal.concurrent.ManagedExecutorImpl$1.run(ManagedExecutorImpl.java:48)
	at java.base/java.util.concurrent.ThreadPoolExecutor.runWorker(ThreadPoolExecutor.java:1128)
	at java.base/java.util.concurrent.ThreadPoolExecutor$Worker.run(ThreadPoolExecutor.java:628)
	at org.gradle.internal.concurrent.ThreadFactoryImpl$ManagedThreadRunnable.run(ThreadFactoryImpl.java:56)
	at java.base/java.lang.Thread.run(Thread.java:834)
00:35:27.526 [Test worker] DEBUG io.netty.util.internal.PlatformDependent0 - java.nio.Bits.unaligned: available, true
00:35:27.527 [Test worker] DEBUG io.netty.util.internal.PlatformDependent0 - jdk.internal.misc.Unsafe.allocateUninitializedArray(int): unavailable
java.lang.IllegalAccessException: class io.netty.util.internal.PlatformDependent0$6 cannot access class jdk.internal.misc.Unsafe (in module java.base) because module java.base does not export jdk.internal.misc to unnamed module @a8f562
	at java.base/jdk.internal.reflect.Reflection.newIllegalAccessException(Reflection.java:361)
	at java.base/java.lang.reflect.AccessibleObject.checkAccess(AccessibleObject.java:591)
	at java.base/java.lang.reflect.Method.invoke(Method.java:558)
	at io.netty.util.internal.PlatformDependent0$6.run(PlatformDependent0.java:353)
	at java.base/java.security.AccessController.doPrivileged(Native Method)
	at io.netty.util.internal.PlatformDependent0.<clinit>(PlatformDependent0.java:344)
	at io.netty.util.internal.PlatformDependent.isAndroid(PlatformDependent.java:294)
	at io.netty.util.internal.PlatformDependent.<clinit>(PlatformDependent.java:93)
	at io.netty.util.AsciiString.<init>(AsciiString.java:223)
	at io.netty.util.AsciiString.<init>(AsciiString.java:210)
	at io.netty.util.AsciiString.cached(AsciiString.java:1401)
	at io.netty.util.AsciiString.<clinit>(AsciiString.java:48)
	at reactor.netty.http.client.HttpClientConnect.<clinit>(HttpClientConnect.java:652)
	at reactor.netty.http.client.HttpClient.create(HttpClient.java:391)
	at org.springframework.http.client.reactive.ReactorClientHttpConnector.<init>(ReactorClientHttpConnector.java:56)
	at org.springframework.web.reactive.function.client.DefaultWebClientBuilder.initConnector(DefaultWebClientBuilder.java:289)
	at org.springframework.web.reactive.function.client.DefaultWebClientBuilder.build(DefaultWebClientBuilder.java:266)
	at com.polarbookshop.orderservice.book.BookClient.<init>(BookClient.java:22)
	at com.polarbookshop.orderservice.book.BookClientTests.setup(BookClientTests.java:25)
	at java.base/jdk.internal.reflect.NativeMethodAccessorImpl.invoke0(Native Method)
	at java.base/jdk.internal.reflect.NativeMethodAccessorImpl.invoke(NativeMethodAccessorImpl.java:62)
	at java.base/jdk.internal.reflect.DelegatingMethodAccessorImpl.invoke(DelegatingMethodAccessorImpl.java:43)
	at java.base/java.lang.reflect.Method.invoke(Method.java:566)
	at org.junit.platform.commons.util.ReflectionUtils.invokeMethod(ReflectionUtils.java:688)
	at org.junit.jupiter.engine.execution.MethodInvocation.proceed(MethodInvocation.java:60)
	at org.junit.jupiter.engine.execution.InvocationInterceptorChain$ValidatingInvocation.proceed(InvocationInterceptorChain.java:131)
	at org.junit.jupiter.engine.extension.TimeoutExtension.intercept(TimeoutExtension.java:149)
	at org.junit.jupiter.engine.extension.TimeoutExtension.interceptLifecycleMethod(TimeoutExtension.java:126)
	at org.junit.jupiter.engine.extension.TimeoutExtension.interceptBeforeEachMethod(TimeoutExtension.java:76)
	at org.junit.jupiter.engine.execution.ExecutableInvoker$ReflectiveInterceptorCall.lambda$ofVoidMethod$0(ExecutableInvoker.java:115)
	at org.junit.jupiter.engine.execution.ExecutableInvoker.lambda$invoke$0(ExecutableInvoker.java:105)
	at org.junit.jupiter.engine.execution.InvocationInterceptorChain$InterceptedInvocation.proceed(InvocationInterceptorChain.java:106)
	at org.junit.jupiter.engine.execution.InvocationInterceptorChain.proceed(InvocationInterceptorChain.java:64)
	at org.junit.jupiter.engine.execution.InvocationInterceptorChain.chainAndInvoke(InvocationInterceptorChain.java:45)
	at org.junit.jupiter.engine.execution.InvocationInterceptorChain.invoke(InvocationInterceptorChain.java:37)
	at org.junit.jupiter.engine.execution.ExecutableInvoker.invoke(ExecutableInvoker.java:104)
	at org.junit.jupiter.engine.execution.ExecutableInvoker.invoke(ExecutableInvoker.java:98)
	at org.junit.jupiter.engine.descriptor.ClassBasedTestDescriptor.invokeMethodInExtensionContext(ClassBasedTestDescriptor.java:490)
	at org.junit.jupiter.engine.descriptor.ClassBasedTestDescriptor.lambda$synthesizeBeforeEachMethodAdapter$19(ClassBasedTestDescriptor.java:475)
	at org.junit.jupiter.engine.descriptor.TestMethodTestDescriptor.lambda$invokeBeforeEachMethods$2(TestMethodTestDescriptor.java:167)
	at org.junit.jupiter.engine.descriptor.TestMethodTestDescriptor.lambda$invokeBeforeMethodsOrCallbacksUntilExceptionOccurs$5(TestMethodTestDescriptor.java:195)
	at org.junit.platform.engine.support.hierarchical.ThrowableCollector.execute(ThrowableCollector.java:73)
	at org.junit.jupiter.engine.descriptor.TestMethodTestDescriptor.invokeBeforeMethodsOrCallbacksUntilExceptionOccurs(TestMethodTestDescriptor.java:195)
	at org.junit.jupiter.engine.descriptor.TestMethodTestDescriptor.invokeBeforeEachMethods(TestMethodTestDescriptor.java:164)
	at org.junit.jupiter.engine.descriptor.TestMethodTestDescriptor.execute(TestMethodTestDescriptor.java:127)
	at org.junit.jupiter.engine.descriptor.TestMethodTestDescriptor.execute(TestMethodTestDescriptor.java:65)
	at org.junit.platform.engine.support.hierarchical.NodeTestTask.lambda$executeRecursively$5(NodeTestTask.java:139)
	at org.junit.platform.engine.support.hierarchical.ThrowableCollector.execute(ThrowableCollector.java:73)
	at org.junit.platform.engine.support.hierarchical.NodeTestTask.lambda$executeRecursively$7(NodeTestTask.java:129)
	at org.junit.platform.engine.support.hierarchical.Node.around(Node.java:137)
	at org.junit.platform.engine.support.hierarchical.NodeTestTask.lambda$executeRecursively$8(NodeTestTask.java:127)
	at org.junit.platform.engine.support.hierarchical.ThrowableCollector.execute(ThrowableCollector.java:73)
	at org.junit.platform.engine.support.hierarchical.NodeTestTask.executeRecursively(NodeTestTask.java:126)
	at org.junit.platform.engine.support.hierarchical.NodeTestTask.execute(NodeTestTask.java:84)
	at java.base/java.util.ArrayList.forEach(ArrayList.java:1541)
	at org.junit.platform.engine.support.hierarchical.SameThreadHierarchicalTestExecutorService.invokeAll(SameThreadHierarchicalTestExecutorService.java:38)
	at org.junit.platform.engine.support.hierarchical.NodeTestTask.lambda$executeRecursively$5(NodeTestTask.java:143)
	at org.junit.platform.engine.support.hierarchical.ThrowableCollector.execute(ThrowableCollector.java:73)
	at org.junit.platform.engine.support.hierarchical.NodeTestTask.lambda$executeRecursively$7(NodeTestTask.java:129)
	at org.junit.platform.engine.support.hierarchical.Node.around(Node.java:137)
	at org.junit.platform.engine.support.hierarchical.NodeTestTask.lambda$executeRecursively$8(NodeTestTask.java:127)
	at org.junit.platform.engine.support.hierarchical.ThrowableCollector.execute(ThrowableCollector.java:73)
	at org.junit.platform.engine.support.hierarchical.NodeTestTask.executeRecursively(NodeTestTask.java:126)
	at org.junit.platform.engine.support.hierarchical.NodeTestTask.execute(NodeTestTask.java:84)
	at java.base/java.util.ArrayList.forEach(ArrayList.java:1541)
	at org.junit.platform.engine.support.hierarchical.SameThreadHierarchicalTestExecutorService.invokeAll(SameThreadHierarchicalTestExecutorService.java:38)
	at org.junit.platform.engine.support.hierarchical.NodeTestTask.lambda$executeRecursively$5(NodeTestTask.java:143)
	at org.junit.platform.engine.support.hierarchical.ThrowableCollector.execute(ThrowableCollector.java:73)
	at org.junit.platform.engine.support.hierarchical.NodeTestTask.lambda$executeRecursively$7(NodeTestTask.java:129)
	at org.junit.platform.engine.support.hierarchical.Node.around(Node.java:137)
	at org.junit.platform.engine.support.hierarchical.NodeTestTask.lambda$executeRecursively$8(NodeTestTask.java:127)
	at org.junit.platform.engine.support.hierarchical.ThrowableCollector.execute(ThrowableCollector.java:73)
	at org.junit.platform.engine.support.hierarchical.NodeTestTask.executeRecursively(NodeTestTask.java:126)
	at org.junit.platform.engine.support.hierarchical.NodeTestTask.execute(NodeTestTask.java:84)
	at org.junit.platform.engine.support.hierarchical.SameThreadHierarchicalTestExecutorService.submit(SameThreadHierarchicalTestExecutorService.java:32)
	at org.junit.platform.engine.support.hierarchical.HierarchicalTestExecutor.execute(HierarchicalTestExecutor.java:57)
	at org.junit.platform.engine.support.hierarchical.HierarchicalTestEngine.execute(HierarchicalTestEngine.java:51)
	at org.junit.platform.launcher.core.EngineExecutionOrchestrator.execute(EngineExecutionOrchestrator.java:108)
	at org.junit.platform.launcher.core.EngineExecutionOrchestrator.execute(EngineExecutionOrchestrator.java:88)
	at org.junit.platform.launcher.core.EngineExecutionOrchestrator.lambda$execute$0(EngineExecutionOrchestrator.java:54)
	at org.junit.platform.launcher.core.EngineExecutionOrchestrator.withInterceptedStreams(EngineExecutionOrchestrator.java:67)
	at org.junit.platform.launcher.core.EngineExecutionOrchestrator.execute(EngineExecutionOrchestrator.java:52)
	at org.junit.platform.launcher.core.DefaultLauncher.execute(DefaultLauncher.java:96)
	at org.junit.platform.launcher.core.DefaultLauncher.execute(DefaultLauncher.java:75)
	at org.gradle.api.internal.tasks.testing.junitplatform.JUnitPlatformTestClassProcessor$CollectAllTestClassesExecutor.processAllTestClasses(JUnitPlatformTestClassProcessor.java:99)
	at org.gradle.api.internal.tasks.testing.junitplatform.JUnitPlatformTestClassProcessor$CollectAllTestClassesExecutor.access$000(JUnitPlatformTestClassProcessor.java:79)
	at org.gradle.api.internal.tasks.testing.junitplatform.JUnitPlatformTestClassProcessor.stop(JUnitPlatformTestClassProcessor.java:75)
	at org.gradle.api.internal.tasks.testing.SuiteTestClassProcessor.stop(SuiteTestClassProcessor.java:61)
	at java.base/jdk.internal.reflect.NativeMethodAccessorImpl.invoke0(Native Method)
	at java.base/jdk.internal.reflect.NativeMethodAccessorImpl.invoke(NativeMethodAccessorImpl.java:62)
	at java.base/jdk.internal.reflect.DelegatingMethodAccessorImpl.invoke(DelegatingMethodAccessorImpl.java:43)
	at java.base/java.lang.reflect.Method.invoke(Method.java:566)
	at org.gradle.internal.dispatch.ReflectionDispatch.dispatch(ReflectionDispatch.java:36)
	at org.gradle.internal.dispatch.ReflectionDispatch.dispatch(ReflectionDispatch.java:24)
	at org.gradle.internal.dispatch.ContextClassLoaderDispatch.dispatch(ContextClassLoaderDispatch.java:33)
	at org.gradle.internal.dispatch.ProxyDispatchAdapter$DispatchingInvocationHandler.invoke(ProxyDispatchAdapter.java:94)
	at com.sun.proxy.$Proxy2.stop(Unknown Source)
	at org.gradle.api.internal.tasks.testing.worker.TestWorker.stop(TestWorker.java:133)
	at java.base/jdk.internal.reflect.NativeMethodAccessorImpl.invoke0(Native Method)
	at java.base/jdk.internal.reflect.NativeMethodAccessorImpl.invoke(NativeMethodAccessorImpl.java:62)
	at java.base/jdk.internal.reflect.DelegatingMethodAccessorImpl.invoke(DelegatingMethodAccessorImpl.java:43)
	at java.base/java.lang.reflect.Method.invoke(Method.java:566)
	at org.gradle.internal.dispatch.ReflectionDispatch.dispatch(ReflectionDispatch.java:36)
	at org.gradle.internal.dispatch.ReflectionDispatch.dispatch(ReflectionDispatch.java:24)
	at org.gradle.internal.remote.internal.hub.MessageHubBackedObjectConnection$DispatchWrapper.dispatch(MessageHubBackedObjectConnection.java:182)
	at org.gradle.internal.remote.internal.hub.MessageHubBackedObjectConnection$DispatchWrapper.dispatch(MessageHubBackedObjectConnection.java:164)
	at org.gradle.internal.remote.internal.hub.MessageHub$Handler.run(MessageHub.java:414)
	at org.gradle.internal.concurrent.ExecutorPolicy$CatchAndRecordFailures.onExecute(ExecutorPolicy.java:64)
	at org.gradle.internal.concurrent.ManagedExecutorImpl$1.run(ManagedExecutorImpl.java:48)
	at java.base/java.util.concurrent.ThreadPoolExecutor.runWorker(ThreadPoolExecutor.java:1128)
	at java.base/java.util.concurrent.ThreadPoolExecutor$Worker.run(ThreadPoolExecutor.java:628)
	at org.gradle.internal.concurrent.ThreadFactoryImpl$ManagedThreadRunnable.run(ThreadFactoryImpl.java:56)
	at java.base/java.lang.Thread.run(Thread.java:834)
00:35:27.530 [Test worker] DEBUG io.netty.util.internal.PlatformDependent0 - java.nio.DirectByteBuffer.<init>(long, int): unavailable
00:35:27.530 [Test worker] DEBUG io.netty.util.internal.PlatformDependent - sun.misc.Unsafe: available
00:35:27.540 [Test worker] DEBUG io.netty.util.internal.PlatformDependent - maxDirectMemory: 536870912 bytes (maybe)
00:35:27.540 [Test worker] DEBUG io.netty.util.internal.PlatformDependent - -Dio.netty.tmpdir: C:\Users\Chung2\AppData\Local\Temp (java.io.tmpdir)
00:35:27.540 [Test worker] DEBUG io.netty.util.internal.PlatformDependent - -Dio.netty.bitMode: 64 (sun.arch.data.model)
00:35:27.541 [Test worker] DEBUG io.netty.util.internal.PlatformDependent - -Dio.netty.maxDirectMemory: -1 bytes
00:35:27.541 [Test worker] DEBUG io.netty.util.internal.PlatformDependent - -Dio.netty.uninitializedArrayAllocationThreshold: -1
00:35:27.542 [Test worker] DEBUG io.netty.util.internal.CleanerJava9 - java.nio.ByteBuffer.cleaner(): available
00:35:27.543 [Test worker] DEBUG io.netty.util.internal.PlatformDependent - -Dio.netty.noPreferDirect: false
00:35:27.559 [Test worker] DEBUG reactor.netty.tcp.TcpResources - [http] resources will use the default LoopResources: DefaultLoopResources {prefix=reactor-http, daemon=true, selectCount=12, workerCount=12}
00:35:27.559 [Test worker] DEBUG reactor.netty.tcp.TcpResources - [http] resources will use the default ConnectionProvider: reactor.netty.resources.DefaultPooledConnectionProvider@76a613df
00:35:27.603 [Test worker] DEBUG io.netty.util.ResourceLeakDetector - -Dio.netty.leakDetection.level: simple
00:35:27.603 [Test worker] DEBUG io.netty.util.ResourceLeakDetector - -Dio.netty.leakDetection.targetRecords: 4
getBookByIsbn isbn: 1234567890
webClient.get().toString(): org.springframework.web.reactive.function.client.DefaultWebClient$DefaultRequestBodyUriSpec@43ee9044
00:35:28.159 [Test worker] DEBUG io.netty.util.NetUtil - -Djava.net.preferIPv4Stack: false
00:35:28.160 [Test worker] DEBUG io.netty.util.NetUtil - -Djava.net.preferIPv6Addresses: false
00:35:28.391 [Test worker] DEBUG io.netty.util.NetUtilInitializations - Loopback interface: lo (Software Loopback Interface 1, 127.0.0.1)
00:35:28.392 [Test worker] DEBUG io.netty.util.NetUtil - Failed to get SOMAXCONN from sysctl and file \proc\sys\net\core\somaxconn. Default: 200
00:35:28.395 [Test worker] DEBUG org.springframework.web.reactive.function.client.ExchangeFunctions - [17c67c5f] HTTP GET http://kubernetes.docker.internal:60896/null1234567890
00:35:28.399 [Test worker] DEBUG reactor.netty.resources.DefaultLoopIOUring - Default io_uring support : false
00:35:28.403 [Test worker] DEBUG reactor.netty.resources.DefaultLoopEpoll - Default Epoll support : false
00:35:28.404 [Test worker] DEBUG reactor.netty.resources.DefaultLoopKQueue - Default KQueue support : false
00:35:28.409 [Test worker] DEBUG io.netty.channel.MultithreadEventLoopGroup - -Dio.netty.eventLoopThreads: 24
00:35:28.424 [Test worker] DEBUG io.netty.util.internal.InternalThreadLocalMap - -Dio.netty.threadLocalMap.stringBuilder.initialSize: 1024
00:35:28.425 [Test worker] DEBUG io.netty.util.internal.InternalThreadLocalMap - -Dio.netty.threadLocalMap.stringBuilder.maxSize: 4096
00:35:28.431 [Test worker] DEBUG io.netty.channel.nio.NioEventLoop - -Dio.netty.noKeySetOptimization: false
00:35:28.431 [Test worker] DEBUG io.netty.channel.nio.NioEventLoop - -Dio.netty.selectorAutoRebuildThreshold: 512
00:35:28.439 [Test worker] DEBUG io.netty.util.internal.PlatformDependent - org.jctools-core.MpscChunkedArrayQueue: available
00:35:28.736 [Test worker] DEBUG io.netty.resolver.dns.DefaultDnsServerAddressStreamProvider - Default DNS servers: [/172.20.10.1:53, /192.168.1.1:53] (sun.net.dns.ResolverConfiguration)
00:35:28.742 [Test worker] DEBUG reactor.netty.resources.PooledConnectionProvider - Creating a new [http] client pool [PoolFactory{evictionInterval=PT0S, leasingStrategy=fifo, maxConnections=500, maxIdleTime=-1, maxLifeTime=-1, metricsEnabled=false, pendingAcquireMaxCount=1000, pendingAcquireTimeout=45000}] for [kubernetes.docker.internal:60896]
00:35:28.778 [Test worker] DEBUG io.netty.channel.DefaultChannelId - -Dio.netty.processId: 32080 (auto-detected)
00:35:29.016 [Test worker] DEBUG io.netty.channel.DefaultChannelId - -Dio.netty.machineId: 9c:b6:d0:ff:fe:ba:a1:89 (auto-detected)
00:35:29.038 [Test worker] DEBUG io.netty.buffer.PooledByteBufAllocator - -Dio.netty.allocator.numHeapArenas: 5
00:35:29.038 [Test worker] DEBUG io.netty.buffer.PooledByteBufAllocator - -Dio.netty.allocator.numDirectArenas: 5
00:35:29.038 [Test worker] DEBUG io.netty.buffer.PooledByteBufAllocator - -Dio.netty.allocator.pageSize: 8192
00:35:29.038 [Test worker] DEBUG io.netty.buffer.PooledByteBufAllocator - -Dio.netty.allocator.maxOrder: 11
00:35:29.038 [Test worker] DEBUG io.netty.buffer.PooledByteBufAllocator - -Dio.netty.allocator.chunkSize: 16777216
00:35:29.038 [Test worker] DEBUG io.netty.buffer.PooledByteBufAllocator - -Dio.netty.allocator.smallCacheSize: 256
00:35:29.038 [Test worker] DEBUG io.netty.buffer.PooledByteBufAllocator - -Dio.netty.allocator.normalCacheSize: 64
00:35:29.038 [Test worker] DEBUG io.netty.buffer.PooledByteBufAllocator - -Dio.netty.allocator.maxCachedBufferCapacity: 32768
00:35:29.038 [Test worker] DEBUG io.netty.buffer.PooledByteBufAllocator - -Dio.netty.allocator.cacheTrimInterval: 8192
00:35:29.038 [Test worker] DEBUG io.netty.buffer.PooledByteBufAllocator - -Dio.netty.allocator.cacheTrimIntervalMillis: 0
00:35:29.038 [Test worker] DEBUG io.netty.buffer.PooledByteBufAllocator - -Dio.netty.allocator.useCacheForAllThreads: true
00:35:29.038 [Test worker] DEBUG io.netty.buffer.PooledByteBufAllocator - -Dio.netty.allocator.maxCachedByteBuffersPerChunk: 1023
00:35:29.046 [Test worker] DEBUG io.netty.buffer.ByteBufUtil - -Dio.netty.allocator.type: pooled
00:35:29.046 [Test worker] DEBUG io.netty.buffer.ByteBufUtil - -Dio.netty.threadLocalDirectBufferSize: 0
00:35:29.046 [Test worker] DEBUG io.netty.buffer.ByteBufUtil - -Dio.netty.maxThreadLocalCharBufferSize: 16384
00:35:29.058 [reactor-http-nio-2] DEBUG reactor.netty.resources.PooledConnectionProvider - [id:033efea4] Created a new pooled channel, now: 0 active connections, 0 inactive connections and 0 pending acquire requests.
00:35:29.069 [Test worker] DEBUG org.springframework.web.reactive.function.client.ExchangeFunctions - [17c67c5f] HTTP GET http://kubernetes.docker.internal:60896/null1234567890
00:35:29.071 [reactor-http-nio-3] DEBUG reactor.netty.resources.PooledConnectionProvider - [id:6493162a] Created a new pooled channel, now: 0 active connections, 0 inactive connections and 0 pending acquire requests.
00:35:29.096 [reactor-http-nio-2] DEBUG io.netty.buffer.AbstractByteBuf - -Dio.netty.buffer.checkAccessible: true
00:35:29.096 [reactor-http-nio-2] DEBUG io.netty.buffer.AbstractByteBuf - -Dio.netty.buffer.checkBounds: true
00:35:29.098 [reactor-http-nio-2] DEBUG io.netty.util.ResourceLeakDetectorFactory - Loaded default ResourceLeakDetector: io.netty.util.ResourceLeakDetector@34474dab
00:35:29.104 [reactor-http-nio-3] DEBUG reactor.netty.transport.TransportConfig - [id:6493162a] Initialized pipeline DefaultChannelPipeline{(reactor.left.httpCodec = io.netty.handler.codec.http.HttpClientCodec), (reactor.left.httpDecompressor = io.netty.handler.codec.http.HttpContentDecompressor), (reactor.right.reactiveBridge = reactor.netty.channel.ChannelOperationsHandler)}
00:35:29.104 [reactor-http-nio-2] DEBUG reactor.netty.transport.TransportConfig - [id:033efea4] Initialized pipeline DefaultChannelPipeline{(reactor.left.httpCodec = io.netty.handler.codec.http.HttpClientCodec), (reactor.left.httpDecompressor = io.netty.handler.codec.http.HttpContentDecompressor), (reactor.right.reactiveBridge = reactor.netty.channel.ChannelOperationsHandler)}
00:35:29.136 [reactor-http-nio-3] DEBUG reactor.netty.transport.TransportConnector - [id:6493162a] Connecting to [kubernetes.docker.internal/127.0.0.1:60896].
00:35:29.136 [reactor-http-nio-2] DEBUG reactor.netty.transport.TransportConnector - [id:033efea4] Connecting to [kubernetes.docker.internal/127.0.0.1:60896].
00:35:29.143 [reactor-http-nio-3] DEBUG reactor.netty.resources.DefaultPooledConnectionProvider - [id:6493162a, L:/127.0.0.1:60923 - R:kubernetes.docker.internal/127.0.0.1:60896] Registering pool release on close event for channel
00:35:29.143 [reactor-http-nio-2] DEBUG reactor.netty.resources.DefaultPooledConnectionProvider - [id:033efea4, L:/127.0.0.1:60924 - R:kubernetes.docker.internal/127.0.0.1:60896] Registering pool release on close event for channel
00:35:29.144 [reactor-http-nio-2] DEBUG reactor.netty.resources.PooledConnectionProvider - [id:033efea4, L:/127.0.0.1:60924 - R:kubernetes.docker.internal/127.0.0.1:60896] Channel connected, now: 2 active connections, 0 inactive connections and 0 pending acquire requests.
00:35:29.144 [reactor-http-nio-3] DEBUG reactor.netty.resources.PooledConnectionProvider - [id:6493162a, L:/127.0.0.1:60923 - R:kubernetes.docker.internal/127.0.0.1:60896] Channel connected, now: 2 active connections, 0 inactive connections and 0 pending acquire requests.
00:35:29.144 [reactor-http-nio-2] DEBUG reactor.netty.resources.DefaultPooledConnectionProvider - [id:033efea4, L:/127.0.0.1:60924 - R:kubernetes.docker.internal/127.0.0.1:60896] onStateChange(PooledConnection{channel=[id: 0x033efea4, L:/127.0.0.1:60924 - R:kubernetes.docker.internal/127.0.0.1:60896]}, [connected])
00:35:29.144 [reactor-http-nio-3] DEBUG reactor.netty.resources.DefaultPooledConnectionProvider - [id:6493162a, L:/127.0.0.1:60923 - R:kubernetes.docker.internal/127.0.0.1:60896] onStateChange(PooledConnection{channel=[id: 0x6493162a, L:/127.0.0.1:60923 - R:kubernetes.docker.internal/127.0.0.1:60896]}, [connected])
00:35:29.150 [parallel-1] DEBUG org.springframework.web.reactive.function.client.ExchangeFunctions - [17c67c5f] Cancel signal (to close connection)
00:35:29.162 [reactor-http-nio-3] DEBUG reactor.netty.resources.DefaultPooledConnectionProvider - [id:6493162a-1, L:/127.0.0.1:60923 - R:kubernetes.docker.internal/127.0.0.1:60896] onStateChange(GET{uri=/, connection=PooledConnection{channel=[id: 0x6493162a, L:/127.0.0.1:60923 - R:kubernetes.docker.internal/127.0.0.1:60896]}}, [configured])
00:35:29.163 [reactor-http-nio-2] DEBUG reactor.netty.resources.DefaultPooledConnectionProvider - [id:033efea4-1, L:/127.0.0.1:60924 - R:kubernetes.docker.internal/127.0.0.1:60896] onStateChange(GET{uri=/, connection=PooledConnection{channel=[id: 0x033efea4, L:/127.0.0.1:60924 - R:kubernetes.docker.internal/127.0.0.1:60896]}}, [configured])
00:35:29.163 [reactor-http-nio-3] DEBUG reactor.netty.http.client.HttpClientConnect - [id:6493162a-1, L:/127.0.0.1:60923 - R:kubernetes.docker.internal/127.0.0.1:60896] Handler is being applied: {uri=http://kubernetes.docker.internal:60896/null1234567890, method=GET}
00:35:29.166 [reactor-http-nio-3] DEBUG reactor.netty.resources.DefaultPooledConnectionProvider - [id:6493162a-1, L:/127.0.0.1:60923 - R:kubernetes.docker.internal/127.0.0.1:60896] onStateChange(GET{uri=/null1234567890, connection=PooledConnection{channel=[id: 0x6493162a, L:/127.0.0.1:60923 - R:kubernetes.docker.internal/127.0.0.1:60896]}}, [request_prepared])
00:35:29.169 [reactor-http-nio-2] DEBUG reactor.netty.resources.PooledConnectionProvider - [id:033efea4-1, L:/127.0.0.1:60924 ! R:kubernetes.docker.internal/127.0.0.1:60896] Channel closed, now: 1 active connections, 0 inactive connections and 0 pending acquire requests.
00:35:29.170 [reactor-http-nio-2] DEBUG reactor.netty.http.client.HttpClientConnect - [id:033efea4-1, L:/127.0.0.1:60924 ! R:kubernetes.docker.internal/127.0.0.1:60896] Handler is being applied: {uri=http://kubernetes.docker.internal:60896/null1234567890, method=GET}
00:35:29.171 [reactor-http-nio-2] DEBUG reactor.netty.resources.DefaultPooledConnectionProvider - [id:033efea4-1, L:/127.0.0.1:60924 ! R:kubernetes.docker.internal/127.0.0.1:60896] onStateChange(GET{uri=/null1234567890, connection=PooledConnection{channel=[id: 0x033efea4, L:/127.0.0.1:60924 ! R:kubernetes.docker.internal/127.0.0.1:60896]}}, [request_prepared])
00:35:29.176 [reactor-http-nio-2] DEBUG reactor.netty.resources.DefaultPooledConnectionProvider - [id:033efea4-1, L:/127.0.0.1:60924 ! R:kubernetes.docker.internal/127.0.0.1:60896] onStateChange(GET{uri=/null1234567890, connection=PooledConnection{channel=[id: 0x033efea4, L:/127.0.0.1:60924 ! R:kubernetes.docker.internal/127.0.0.1:60896]}}, [disconnecting])
00:35:29.182 [reactor-http-nio-3] DEBUG io.netty.util.Recycler - -Dio.netty.recycler.maxCapacityPerThread: 4096
00:35:29.182 [reactor-http-nio-3] DEBUG io.netty.util.Recycler - -Dio.netty.recycler.maxSharedCapacityFactor: 2
00:35:29.182 [reactor-http-nio-3] DEBUG io.netty.util.Recycler - -Dio.netty.recycler.linkCapacity: 16
00:35:29.182 [reactor-http-nio-3] DEBUG io.netty.util.Recycler - -Dio.netty.recycler.ratio: 8
00:35:29.182 [reactor-http-nio-3] DEBUG io.netty.util.Recycler - -Dio.netty.recycler.delayedQueue.ratio: 8
00:35:29.199 [reactor-http-nio-3] DEBUG reactor.netty.resources.DefaultPooledConnectionProvider - [id:6493162a-1, L:/127.0.0.1:60923 - R:kubernetes.docker.internal/127.0.0.1:60896] onStateChange(GET{uri=/null1234567890, connection=PooledConnection{channel=[id: 0x6493162a, L:/127.0.0.1:60923 - R:kubernetes.docker.internal/127.0.0.1:60896]}}, [request_sent])
00:35:29.207 [reactor-http-nio-3] DEBUG reactor.netty.http.client.HttpClientOperations - [id:6493162a-1, L:/127.0.0.1:60923 - R:kubernetes.docker.internal/127.0.0.1:60896] Received response (auto-read:false) : [Content-Type=application/json; charset=utf-8, content-length=82]
00:35:29.207 [reactor-http-nio-3] DEBUG reactor.netty.resources.DefaultPooledConnectionProvider - [id:6493162a-1, L:/127.0.0.1:60923 - R:kubernetes.docker.internal/127.0.0.1:60896] onStateChange(GET{uri=/null1234567890, connection=PooledConnection{channel=[id: 0x6493162a, L:/127.0.0.1:60923 - R:kubernetes.docker.internal/127.0.0.1:60896]}}, [response_received])
00:35:29.212 [reactor-http-nio-3] DEBUG org.springframework.web.reactive.function.client.ExchangeFunctions - [17c67c5f] [6493162a-1, L:/127.0.0.1:60923 - R:kubernetes.docker.internal/127.0.0.1:60896] Response 200 OK
00:35:29.280 [reactor-http-nio-3] DEBUG reactor.netty.channel.FluxReceive - [id:6493162a-1, L:/127.0.0.1:60923 - R:kubernetes.docker.internal/127.0.0.1:60896] FluxReceive{pending=0, cancelled=false, inboundDone=false, inboundError=null}: subscribing inbound receiver
00:35:29.285 [reactor-http-nio-3] DEBUG reactor.netty.http.client.HttpClientOperations - [id:6493162a-1, L:/127.0.0.1:60923 - R:kubernetes.docker.internal/127.0.0.1:60896] Received last HTTP packet
00:35:29.310 [reactor-http-nio-3] DEBUG org.springframework.http.codec.json.Jackson2JsonDecoder - [17c67c5f] [6493162a-1, L:/127.0.0.1:60923 - R:kubernetes.docker.internal/127.0.0.1:60896] Decoded [com.polarbookshop.orderservice.book.Book@2497f078]
b.getIsbn(): 1234567890
00:35:29.312 [reactor-http-nio-3] DEBUG reactor.netty.resources.DefaultPooledConnectionProvider - [id:6493162a, L:/127.0.0.1:60923 - R:kubernetes.docker.internal/127.0.0.1:60896] onStateChange(GET{uri=/null1234567890, connection=PooledConnection{channel=[id: 0x6493162a, L:/127.0.0.1:60923 - R:kubernetes.docker.internal/127.0.0.1:60896]}}, [response_completed])
00:35:29.312 [reactor-http-nio-3] DEBUG reactor.netty.resources.DefaultPooledConnectionProvider - [id:6493162a, L:/127.0.0.1:60923 - R:kubernetes.docker.internal/127.0.0.1:60896] onStateChange(GET{uri=/null1234567890, connection=PooledConnection{channel=[id: 0x6493162a, L:/127.0.0.1:60923 - R:kubernetes.docker.internal/127.0.0.1:60896]}}, [disconnecting])
00:35:29.312 [reactor-http-nio-3] DEBUG reactor.netty.resources.DefaultPooledConnectionProvider - [id:6493162a, L:/127.0.0.1:60923 - R:kubernetes.docker.internal/127.0.0.1:60896] Releasing channel
00:35:29.314 [reactor-http-nio-3] DEBUG reactor.netty.resources.PooledConnectionProvider - [id:6493162a, L:/127.0.0.1:60923 - R:kubernetes.docker.internal/127.0.0.1:60896] Channel cleaned, now: 0 active connections, 1 inactive connections and 0 pending acquire requests.
00:35:29.316 [reactor-http-nio-3] DEBUG reactor.netty.resources.DefaultPooledConnectionProvider - [id:6493162a, L:/127.0.0.1:60923 ! R:kubernetes.docker.internal/127.0.0.1:60896] onStateChange(PooledConnection{channel=[id: 0x6493162a, L:/127.0.0.1:60923 ! R:kubernetes.docker.internal/127.0.0.1:60896]}, [disconnecting])
]]></system-out>
  <system-err><![CDATA[Apr 30, 2021 12:35:27 AM okhttp3.mockwebserver.MockWebServer$3 execute
INFO: MockWebServer[60896] starting to accept connections
Apr 30, 2021 12:35:29 AM okhttp3.mockwebserver.MockWebServer$4 processConnection
WARNING: MockWebServer[60896] connection from /127.0.0.1 didn't make a request
Apr 30, 2021 12:35:29 AM okhttp3.mockwebserver.MockWebServer$4 processOneRequest
INFO: MockWebServer[60896] received request: GET /null1234567890 HTTP/1.1 and responded: HTTP/1.1 200 OK
Apr 30, 2021 12:35:29 AM okhttp3.mockwebserver.MockWebServer$3 acceptConnections
INFO: MockWebServer[60896] done accepting connections: Interrupted function call: accept failed
]]></system-err>
</testsuite>
