<?xml version="1.0" encoding="UTF-8"?>
<testsuite name="com.polarbookshop.orderservice.order.web.OrderControllerWebFluxTests" tests="1" skipped="0" failures="0" errors="0" timestamp="2021-04-30T04:35:35" hostname="DESKTOP-F6VKB7S" time="0.269">
  <properties/>
  <testcase name="whenBookNotAvailableThenRejectOrder()" classname="com.polarbookshop.orderservice.order.web.OrderControllerWebFluxTests" time="0.269"/>
  <system-out><![CDATA[2021-04-30 00:35:35.100  INFO 32080 --- [    Test worker] b.t.a.w.r.WebFluxTestContextBootstrapper : Neither @ContextConfiguration nor @ContextHierarchy found for test class [com.polarbookshop.orderservice.order.web.OrderControllerWebFluxTests], using SpringBootContextLoader
2021-04-30 00:35:35.101  INFO 32080 --- [    Test worker] o.s.t.c.support.AbstractContextLoader    : Could not detect default resource locations for test class [com.polarbookshop.orderservice.order.web.OrderControllerWebFluxTests]: no resource found for suffixes {-context.xml, Context.groovy}.
2021-04-30 00:35:35.102  INFO 32080 --- [    Test worker] t.c.s.AnnotationConfigContextLoaderUtils : Could not detect default configuration classes for test class [com.polarbookshop.orderservice.order.web.OrderControllerWebFluxTests]: OrderControllerWebFluxTests does not declare any static, non-private, non-final, nested classes annotated with @Configuration.
2021-04-30 00:35:35.125  INFO 32080 --- [    Test worker] .b.t.c.SpringBootTestContextBootstrapper : Found @SpringBootConfiguration com.polarbookshop.orderservice.OrderServiceApplication for test class com.polarbookshop.orderservice.order.web.OrderControllerWebFluxTests
2021-04-30 00:35:35.126  INFO 32080 --- [    Test worker] b.t.a.w.r.WebFluxTestContextBootstrapper : Loaded default TestExecutionListener class names from location [META-INF/spring.factories]: [org.springframework.boot.test.autoconfigure.restdocs.RestDocsTestExecutionListener, org.springframework.boot.test.autoconfigure.web.client.MockRestServiceServerResetTestExecutionListener, org.springframework.boot.test.autoconfigure.web.servlet.MockMvcPrintOnlyOnFailureTestExecutionListener, org.springframework.boot.test.autoconfigure.web.servlet.WebDriverTestExecutionListener, org.springframework.boot.test.autoconfigure.webservices.client.MockWebServiceServerTestExecutionListener, org.springframework.boot.test.mock.mockito.MockitoTestExecutionListener, org.springframework.boot.test.mock.mockito.ResetMocksTestExecutionListener, org.springframework.test.context.web.ServletTestExecutionListener, org.springframework.test.context.support.DirtiesContextBeforeModesTestExecutionListener, org.springframework.test.context.event.ApplicationEventsTestExecutionListener, org.springframework.test.context.support.DependencyInjectionTestExecutionListener, org.springframework.test.context.support.DirtiesContextTestExecutionListener, org.springframework.test.context.transaction.TransactionalTestExecutionListener, org.springframework.test.context.jdbc.SqlScriptsTestExecutionListener, org.springframework.test.context.event.EventPublishingTestExecutionListener]
2021-04-30 00:35:35.127  INFO 32080 --- [    Test worker] b.t.a.w.r.WebFluxTestContextBootstrapper : Using TestExecutionListeners: [org.springframework.test.context.support.DirtiesContextBeforeModesTestExecutionListener@1a572b30, org.springframework.test.context.event.ApplicationEventsTestExecutionListener@7fde9c8e, org.springframework.boot.test.mock.mockito.MockitoTestExecutionListener@74fad137, org.springframework.boot.test.autoconfigure.SpringBootDependencyInjectionTestExecutionListener@56874af9, org.springframework.test.context.support.DirtiesContextTestExecutionListener@75aaf5b2, org.springframework.test.context.transaction.TransactionalTestExecutionListener@7e1b3d65, org.springframework.test.context.jdbc.SqlScriptsTestExecutionListener@5c4a28f8, org.springframework.test.context.event.EventPublishingTestExecutionListener@3076710a, org.springframework.boot.test.autoconfigure.restdocs.RestDocsTestExecutionListener@12d305d3, org.springframework.boot.test.autoconfigure.web.client.MockRestServiceServerResetTestExecutionListener@3584e2f9, org.springframework.boot.test.autoconfigure.web.servlet.MockMvcPrintOnlyOnFailureTestExecutionListener@38841159, org.springframework.boot.test.autoconfigure.web.servlet.WebDriverTestExecutionListener@3b79d962, org.springframework.boot.test.autoconfigure.webservices.client.MockWebServiceServerTestExecutionListener@310eae43, org.springframework.boot.test.mock.mockito.ResetMocksTestExecutionListener@230f11b1]

  .   ____          _            __ _ _
 /\\ / ___'_ __ _ _(_)_ __  __ _ \ \ \ \
( ( )\___ | '_ | '_| | '_ \/ _` | \ \ \ \
 \\/  ___)| |_)| | | | | || (_| |  ) ) ) )
  '  |____| .__|_| |_|_| |_\__, | / / / /
 =========|_|==============|___/=/_/_/_/
 :: Spring Boot ::                (v2.4.5)

2021-04-30 00:35:35.160  INFO 32080 --- [    Test worker] c.p.o.o.web.OrderControllerWebFluxTests  : Starting OrderControllerWebFluxTests using Java 11.0.11 on DESKTOP-F6VKB7S with PID 32080 (started by Chung2 in C:\Users\Chung2\java\CloudNativeSpringInAction\order-service)
2021-04-30 00:35:35.161  INFO 32080 --- [    Test worker] c.p.o.o.web.OrderControllerWebFluxTests  : No active profile set, falling back to default profiles: default
2021-04-30 00:35:35.879  INFO 32080 --- [    Test worker] c.p.o.o.web.OrderControllerWebFluxTests  : Started OrderControllerWebFluxTests in 0.746 seconds (JVM running for 9.739)
]]></system-out>
  <system-err><![CDATA[]]></system-err>
</testsuite>
