<?xml version="1.0" encoding="UTF-8"?>
<testsuite name="com.polarbookshop.orderservice.OrderServiceApplicationTests" tests="1" skipped="0" failures="0" errors="0" timestamp="2021-04-30T04:35:37" hostname="DESKTOP-F6VKB7S" time="0.005">
  <properties/>
  <testcase name="contextLoads()" classname="com.polarbookshop.orderservice.OrderServiceApplicationTests" time="0.005"/>
  <system-out><![CDATA[2021-04-30 00:35:36.155  INFO 32080 --- [    Test worker] .b.t.c.SpringBootTestContextBootstrapper : Neither @ContextConfiguration nor @ContextHierarchy found for test class [com.polarbookshop.orderservice.OrderServiceApplicationTests], using SpringBootContextLoader
2021-04-30 00:35:36.156  INFO 32080 --- [    Test worker] o.s.t.c.support.AbstractContextLoader    : Could not detect default resource locations for test class [com.polarbookshop.orderservice.OrderServiceApplicationTests]: no resource found for suffixes {-context.xml, Context.groovy}.
2021-04-30 00:35:36.156  INFO 32080 --- [    Test worker] t.c.s.AnnotationConfigContextLoaderUtils : Could not detect default configuration classes for test class [com.polarbookshop.orderservice.OrderServiceApplicationTests]: OrderServiceApplicationTests does not declare any static, non-private, non-final, nested classes annotated with @Configuration.
2021-04-30 00:35:36.163  INFO 32080 --- [    Test worker] .b.t.c.SpringBootTestContextBootstrapper : Found @SpringBootConfiguration com.polarbookshop.orderservice.OrderServiceApplication for test class com.polarbookshop.orderservice.OrderServiceApplicationTests
2021-04-30 00:35:36.169  INFO 32080 --- [    Test worker] .b.t.c.SpringBootTestContextBootstrapper : Loaded default TestExecutionListener class names from location [META-INF/spring.factories]: [org.springframework.boot.test.autoconfigure.restdocs.RestDocsTestExecutionListener, org.springframework.boot.test.autoconfigure.web.client.MockRestServiceServerResetTestExecutionListener, org.springframework.boot.test.autoconfigure.web.servlet.MockMvcPrintOnlyOnFailureTestExecutionListener, org.springframework.boot.test.autoconfigure.web.servlet.WebDriverTestExecutionListener, org.springframework.boot.test.autoconfigure.webservices.client.MockWebServiceServerTestExecutionListener, org.springframework.boot.test.mock.mockito.MockitoTestExecutionListener, org.springframework.boot.test.mock.mockito.ResetMocksTestExecutionListener, org.springframework.test.context.web.ServletTestExecutionListener, org.springframework.test.context.support.DirtiesContextBeforeModesTestExecutionListener, org.springframework.test.context.event.ApplicationEventsTestExecutionListener, org.springframework.test.context.support.DependencyInjectionTestExecutionListener, org.springframework.test.context.support.DirtiesContextTestExecutionListener, org.springframework.test.context.transaction.TransactionalTestExecutionListener, org.springframework.test.context.jdbc.SqlScriptsTestExecutionListener, org.springframework.test.context.event.EventPublishingTestExecutionListener]
2021-04-30 00:35:36.170  INFO 32080 --- [    Test worker] .b.t.c.SpringBootTestContextBootstrapper : Using TestExecutionListeners: [org.springframework.test.context.support.DirtiesContextBeforeModesTestExecutionListener@136a6942, org.springframework.test.context.event.ApplicationEventsTestExecutionListener@54b69a6e, org.springframework.boot.test.mock.mockito.MockitoTestExecutionListener@bae7db5, org.springframework.boot.test.autoconfigure.SpringBootDependencyInjectionTestExecutionListener@37bd1ad3, org.springframework.test.context.support.DirtiesContextTestExecutionListener@775d451f, org.springframework.test.context.transaction.TransactionalTestExecutionListener@1758d470, org.springframework.test.context.jdbc.SqlScriptsTestExecutionListener@6f6350fb, org.springframework.test.context.event.EventPublishingTestExecutionListener@30d7a446, org.springframework.boot.test.autoconfigure.restdocs.RestDocsTestExecutionListener@2dbf6afe, org.springframework.boot.test.autoconfigure.web.client.MockRestServiceServerResetTestExecutionListener@7c15c06d, org.springframework.boot.test.autoconfigure.web.servlet.MockMvcPrintOnlyOnFailureTestExecutionListener@904a39c, org.springframework.boot.test.autoconfigure.web.servlet.WebDriverTestExecutionListener@47cd36e, org.springframework.boot.test.autoconfigure.webservices.client.MockWebServiceServerTestExecutionListener@5242a185, org.springframework.boot.test.mock.mockito.ResetMocksTestExecutionListener@860508]

  .   ____          _            __ _ _
 /\\ / ___'_ __ _ _(_)_ __  __ _ \ \ \ \
( ( )\___ | '_ | '_| | '_ \/ _` | \ \ \ \
 \\/  ___)| |_)| | | | | || (_| |  ) ) ) )
  '  |____| .__|_| |_|_| |_\__, | / / / /
 =========|_|==============|___/=/_/_/_/
 :: Spring Boot ::                (v2.4.5)

2021-04-30 00:35:36.200  INFO 32080 --- [    Test worker] c.p.o.OrderServiceApplicationTests       : Starting OrderServiceApplicationTests using Java 11.0.11 on DESKTOP-F6VKB7S with PID 32080 (started by Chung2 in C:\Users\Chung2\java\CloudNativeSpringInAction\order-service)
2021-04-30 00:35:36.201  INFO 32080 --- [    Test worker] c.p.o.OrderServiceApplicationTests       : No active profile set, falling back to default profiles: default
2021-04-30 00:35:36.432  INFO 32080 --- [    Test worker] .s.d.r.c.RepositoryConfigurationDelegate : Bootstrapping Spring Data R2DBC repositories in DEFAULT mode.
2021-04-30 00:35:36.448  INFO 32080 --- [    Test worker] .s.d.r.c.RepositoryConfigurationDelegate : Finished Spring Data repository scanning in 15 ms. Found 1 R2DBC repository interfaces.
bookClientProperties.getCatalogServiceUrl().toString(): http://localhost:9002
2021-04-30 00:35:37.003  INFO 32080 --- [    Test worker] o.f.c.internal.license.VersionPrinter    : Flyway Community Edition 7.1.1 by Redgate
2021-04-30 00:35:37.017  INFO 32080 --- [    Test worker] o.f.c.i.database.base.DatabaseType       : Database: jdbc:postgresql://localhost:5433/polardb_order (PostgreSQL 13.1)
2021-04-30 00:35:37.041  INFO 32080 --- [    Test worker] o.f.core.internal.command.DbValidate     : Successfully validated 1 migration (execution time 00:00.012s)
2021-04-30 00:35:37.055  INFO 32080 --- [    Test worker] o.f.core.internal.command.DbMigrate      : Current version of schema "public": 1
2021-04-30 00:35:37.056  INFO 32080 --- [    Test worker] o.f.core.internal.command.DbMigrate      : Schema "public" is up to date. No migration necessary.
2021-04-30 00:35:37.106  INFO 32080 --- [    Test worker] c.p.o.OrderServiceApplicationTests       : Started OrderServiceApplicationTests in 0.932 seconds (JVM running for 10.966)
]]></system-out>
  <system-err><![CDATA[]]></system-err>
</testsuite>
